09 июн 2020 17:40:19,863 - pestov назначен ЗНО-001277825
09 июн 2020 17:40:44,405 - pestov назначен ИНЦ-001543168
09 июн 2020 17:42:38,346 - pestov назначен ЗНО-001275637
09 июн 2020 17:43:03,880 - pestov назначен ЗНО-001275648
09 июн 2020 17:43:18,349 - pestov назначен ЗНО-001275651
09 июн 2020 17:43:40,299 - pestov назначен ЗНО-001275653
10 июн 2020 11:06:52,977 - batanov назначен ЗНО-001275914
10 июн 2020 11:07:12,581 - batanov назначен ЗНО-001279459
10 июн 2020 11:07:32,618 - pestov назначен ЗНО-001279462
10 июн 2020 11:07:50,946 - batanov назначен ЗНО-001279469
10 июн 2020 11:08:09,949 - batanov назначен ИНЦ-001544130
10 июн 2020 11:08:30,713 - batanov назначен ИНЦ-001545028
10 июн 2020 13:22:34,985 - pestov назначен ЗНО-001279470
10 июн 2020 13:22:54,201 - pestov назначен ЗНО-001279471
10 июн 2020 13:23:15,052 - pestov назначен ЗНО-001279479
10 июн 2020 13:23:33,986 - batanov назначен ЗНО-001280155
10 июн 2020 13:23:53,864 - pestov назначен ЗНО-001280494
10 июн 2020 13:24:13,361 - batanov назначен ЗНО-001280672
10 июн 2020 13:24:29,510 - pestov назначен ЗНО-001281052
10 июн 2020 13:24:49,930 - pestov назначен ЗНО-001281121
10 июн 2020 13:25:10,859 - batanov назначен ИНЦ-001548266
10 июн 2020 13:25:38,498 - batanov назначен ИНЦ-001548442
10 июн 2020 15:36:44,545 - pestov назначен ЗНО-001282171
10 июн 2020 15:37:47,073 - pestov назначен ИНЦ-001549307
10 июн 2020 15:38:55,474 - pestov назначен ИНЦ-001549327
10 июн 2020 15:39:12,538 - batanov назначен ИНЦ-001549479
10 июн 2020 15:39:32,039 - pestov назначен ИНЦ-001549730
10 июн 2020 16:30:36,889 - pestov назначен ЗНО-001279462
10 июн 2020 16:30:52,585 - pestov назначен ЗНО-001279466
10 июн 2020 16:31:16,938 - pestov назначен ЗНО-001279480
10 июн 2020 16:31:39,339 - pestov назначен ЗНО-001282723
10 июн 2020 16:31:57,195 - pestov назначен ЗНО-001282783
10 июн 2020 16:32:14,017 - pestov назначен ЗНО-001282790
10 июн 2020 16:32:34,223 - pestov назначен ИНЦ-001550132
10 июн 2020 16:32:49,705 - pestov назначен ИНЦ-001550142
10 июн 2020 18:05:06,345 - batanov назначен ЗНО-001276926
10 июн 2020 18:05:37,016 - batanov назначен ЗНО-001283300
10 июн 2020 18:05:55,999 - batanov назначен ИНЦ-001550633
10 июн 2020 18:06:27,559 - batanov назначен ИНЦ-001550870
11 июн 2020 10:55:38,210 - pestov назначен ЗНО-001285411
11 июн 2020 10:55:55,800 - batanov назначен ЗНО-001285493
11 июн 2020 10:56:26,593 - batanov назначен ИНЦ-001553686
11 июн 2020 11:48:50,145 - pestov назначен ИНЦ-001554412
11 июн 2020 14:36:40,996 - pestov назначен ЗНО-001286092
11 июн 2020 14:37:08,456 - pestov назначен ЗНО-001286387
11 июн 2020 14:37:43,877 - pestov назначен ЗНО-001287120
11 июн 2020 14:38:25,518 - pestov назначен ИНЦ-001555007
29 июн 2020 09:46:31,046 - pestov назначен ЗНО-001320674
29 июн 2020 09:46:51,860 - pestov назначен ИНЦ-001621257
29 июн 2020 09:47:14,811 - pestov назначен ИНЦ-001622546
29 июн 2020 09:47:50,359 - batanov назначен ИНЦ-001622996
29 июн 2020 09:48:08,113 - batanov назначен ИНЦ-001623863
29 июн 2020 09:48:34,839 - pestov назначен ИНЦ-001629342
29 июн 2020 09:48:49,932 - pestov назначен ИНЦ-001631623
29 июн 2020 09:49:05,333 - batanov назначен ИНЦ-001632721
29 июн 2020 09:49:25,077 - pestov назначен ИНЦ-001632774
29 июн 2020 09:49:42,306 - batanov назначен ИНЦ-001632947
29 июн 2020 09:49:58,478 - batanov назначен ИНЦ-001633138
29 июн 2020 09:50:14,783 - batanov назначен ИНЦ-001633775
29 июн 2020 09:50:35,806 - batanov назначен ЗНО-001343386
29 июн 2020 09:50:57,367 - pestov назначен ЗНО-001343735
29 июн 2020 09:51:19,253 - pestov назначен ИНЦ-001634852
29 июн 2020 09:51:38,763 - batanov назначен ИНЦ-001635012
29 июн 2020 09:51:54,946 - pestov назначен ЗНО-001343994
29 июн 2020 09:52:10,263 - pestov назначен ЗНО-001344041
29 июн 2020 09:52:31,289 - batanov назначен ЗНО-001344179
29 июн 2020 09:52:49,443 - batanov назначен ИНЦ-001637072
29 июн 2020 09:53:19,934 - pestov назначен ЗНО-001345553
29 июн 2020 09:53:36,730 - pestov назначен ЗНО-001345578
29 июн 2020 09:53:55,550 - batanov назначен ЗНО-001345650
29 июн 2020 09:54:12,217 - pestov назначен ЗНО-001345810
29 июн 2020 09:54:31,533 - pestov назначен ЗНО-001345962
29 июн 2020 09:54:50,021 - pestov назначен ИНЦ-001638350
29 июн 2020 09:55:05,861 - pestov назначен ИНЦ-001638565
29 июн 2020 09:55:20,819 - batanov назначен ИНЦ-001638612
29 июн 2020 09:55:41,131 - batanov назначен ИНЦ-001638697
29 июн 2020 09:56:01,005 - batanov назначен ИНЦ-001638974
29 июн 2020 09:56:20,966 - pestov назначен ИНЦ-001639068
29 июн 2020 09:56:42,093 - batanov назначен ИНЦ-001639854
29 июн 2020 09:57:03,420 - pestov назначен ЗНО-001348235
29 июн 2020 09:57:23,397 - batanov назначен ИНЦ-001640335
29 июн 2020 09:57:41,331 - pestov назначен ЗНО-001349087
29 июн 2020 09:57:58,355 - pestov назначен ЗНО-001349525
29 июн 2020 09:58:23,629 - batanov назначен ИНЦ-001643370
29 июн 2020 09:58:42,226 - batanov назначен ИНЦ-001648240
29 июн 2020 09:59:07,417 - pestov назначен ЗНО-001352111
29 июн 2020 09:59:58,419 - batanov назначен ИНЦ-001649289
29 июн 2020 10:00:22,806 - pestov назначен ИНЦ-001649435
29 июн 2020 10:00:37,936 - pestov назначен ИНЦ-001649542
29 июн 2020 10:01:18,146 - pestov назначен ИНЦ-001649542
29 июн 2020 14:03:11,075 - pestov назначен ЗНО-001345109
29 июн 2020 14:03:30,016 - pestov назначен ЗНО-001348393
29 июн 2020 14:03:48,354 - pestov назначен ЗНО-001348393
29 июн 2020 14:03:59,473 - pestov назначен ЗНО-001351369
29 июн 2020 14:04:15,217 - pestov назначен ЗНО-001352970
29 июн 2020 14:04:34,786 - pestov назначен ЗНО-001353392
29 июн 2020 14:04:55,631 - pestov назначен ИНЦ-001637985
29 июн 2020 14:05:14,306 - batanov назначен ИНЦ-001649885
29 июн 2020 14:05:45,978 - pestov назначен ИНЦ-001649941
29 июн 2020 14:06:04,714 - pestov назначен ИНЦ-001650380
29 июн 2020 14:06:27,059 - pestov назначен ИНЦ-001650606
29 июн 2020 14:06:45,035 - pestov назначен ИНЦ-001650894
29 июн 2020 14:07:03,864 - batanov назначен ИНЦ-001650933
29 июн 2020 15:08:04,469 - pestov назначен ЗНО-001354533
29 июн 2020 15:08:26,423 - pestov назначен ЗНО-001355023
29 июн 2020 15:09:14,373 - pestov назначен ИНЦ-001651490
30 июн 2020 10:00:38,483 - batanov назначен ЗНО-001355084
30 июн 2020 10:00:55,994 - batanov назначен ИНЦ-001652374
30 июн 2020 10:01:27,603 - batanov назначен ЗНО-001355957
30 июн 2020 10:01:45,805 - pestov назначен ЗНО-001355961
30 июн 2020 10:02:02,351 - batanov назначен ЗНО-001355964
30 июн 2020 10:02:17,662 - pestov назначен ЗНО-001355965
30 июн 2020 10:02:32,232 - pestov назначен ЗНО-001355966
30 июн 2020 10:02:46,474 - batanov назначен ЗНО-001355967
30 июн 2020 10:03:03,128 - pestov назначен ЗНО-001355968
30 июн 2020 10:03:18,535 - batanov назначен ЗНО-001355969
30 июн 2020 10:03:35,288 - pestov назначен ЗНО-001356048
30 июн 2020 10:03:51,811 - pestov назначен ИНЦ-001652891
30 июн 2020 10:04:08,863 - batanov назначен ИНЦ-001652964
30 июн 2020 10:04:29,105 - pestov назначен ИНЦ-001653060
30 июн 2020 10:04:48,129 - pestov назначен ИНЦ-001655467
30 июн 2020 10:05:04,605 - pestov назначен ИНЦ-001655584
30 июн 2020 10:05:19,370 - pestov назначен ИНЦ-001655725
30 июн 2020 10:05:37,402 - batanov назначен ИНЦ-001655802
30 июн 2020 10:05:54,853 - batanov назначен ИНЦ-001655884
30 июн 2020 15:41:29,765 - pestov назначен ЗНО-001358940
30 июн 2020 15:41:45,028 - pestov назначен ЗНО-001359353
30 июн 2020 15:41:58,855 - pestov назначен ЗНО-001360598
30 июн 2020 15:42:15,223 - pestov назначен ЗНО-001360767
30 июн 2020 15:42:31,635 - pestov назначен ЗНО-001360797
30 июн 2020 15:42:47,724 - pestov назначен ЗНО-001360937
30 июн 2020 15:43:07,365 - pestov назначен ИНЦ-001658683
30 июн 2020 15:43:30,817 - pestov назначен ИНЦ-001658799
02 июл 2020 10:06:56,040 - pestov назначен ИНЦ-001362395
02 июл 2020 10:07:29,312 - pestov назначен ИНЦ-001346271
02 июл 2020 10:07:49,150 - pestov назначен ИНЦ-001360910
02 июл 2020 10:08:11,005 - pestov назначен ИНЦ-001360918
02 июл 2020 10:08:25,894 - pestov назначен ИНЦ-001360920
02 июл 2020 10:08:40,848 - pestov назначен ИНЦ-001360922
02 июл 2020 10:09:02,143 - pestov назначен ИНЦ-001360923
02 июл 2020 10:09:21,128 - pestov назначен ИНЦ-001360924
02 июл 2020 10:09:51,186 - pestov назначен ЗНО-001659047
02 июл 2020 10:10:13,486 - batanov назначен ЗНО-001659636
02 июл 2020 10:11:46,019 - pestov назначен ЗНО-001659951
02 июл 2020 10:12:05,960 - pestov назначен ЗНО-001661082
02 июл 2020 10:12:22,756 - pestov назначен ЗНО-001666560
02 июл 2020 10:12:40,793 - batanov назначен ЗНО-001666584
02 июл 2020 10:12:58,821 - pestov назначен ЗНО-001667500
02 июл 2020 10:13:17,382 - pestov назначен ЗНО-001667676
02 июл 2020 10:13:40,050 - pestov назначен ЗНО-001667991
02 июл 2020 14:55:54,383 - batanov назначен ИНЦ-001354134
02 июл 2020 14:56:16,247 - batanov назначен ИНЦ-001358500
02 июл 2020 14:56:43,813 - pestov назначен ИНЦ-001360701
02 июл 2020 14:57:04,113 - batanov назначен ИНЦ-001361151
02 июл 2020 14:57:21,744 - batanov назначен ИНЦ-001367084
02 июл 2020 14:57:37,744 - pestov назначен ИНЦ-001367752
02 июл 2020 14:57:56,514 - pestov назначен ИНЦ-001368277
02 июл 2020 14:58:15,845 - batanov назначен ЗНО-001668208
02 июл 2020 14:58:34,467 - pestov назначен ЗНО-001668270
02 июл 2020 14:58:54,621 - pestov назначен ЗНО-001668385
02 июл 2020 14:59:22,466 - pestov назначен ЗНО-001668577
02 июл 2020 14:59:46,326 - batanov назначен ЗНО-001669131
02 июл 2020 15:00:04,423 - pestov назначен ЗНО-001669358
02 июл 2020 15:00:25,875 - pestov назначен ЗНО-001669418
02 июл 2020 15:00:49,861 - batanov назначен ЗНО-001669438
02 июл 2020 15:01:11,434 - pestov назначен ЗНО-001670209
02 июл 2020 15:01:31,561 - batanov назначен ЗНО-001670243
02 июл 2020 15:01:53,311 - pestov назначен ЗНО-001670509
03 июл 2020 11:26:59,676 -  назначен ЗНО-001370613
03 июл 2020 11:27:17,112 -  назначен ЗНО-001372677
03 июл 2020 11:27:32,217 -  назначен ЗНО-001372930
03 июл 2020 11:28:02,703 -  назначен ЗНО-001373088
03 июл 2020 11:28:32,678 -  назначен ИНЦ-001637985-006
03 июл 2020 11:28:53,068 -  назначен ИНЦ-001671060
03 июл 2020 11:29:10,590 -  назначен ИНЦ-001671614
03 июл 2020 11:29:27,692 -  назначен ИНЦ-001671936
03 июл 2020 11:29:45,100 -  назначен ИНЦ-001675873
03 июл 2020 11:31:43,965 -  назначен ИНЦ-001675976
03 июл 2020 11:32:01,447 -  назначен ИНЦ-001676299
03 июл 2020 11:32:18,315 -  назначен ИНЦ-001676307
03 июл 2020 11:32:34,575 -  назначен ИНЦ-001676411
03 июл 2020 14:43:44,578 -  pestov назначен ЗНО-001374124
03 июл 2020 14:44:15,212 -  pestov назначен ЗНО-001374146
03 июл 2020 14:44:49,234 -  pestov назначен ИНЦ-001676639
03 июл 2020 14:45:54,813 -  pestov назначен ИНЦ-001677309
03 июл 2020 14:46:22,931 -  pestov назначен ИНЦ-001677368
03 июл 2020 14:47:07,483 -  batanov назначен ИНЦ-001677481
03 июл 2020 14:47:43,755 -  pestov назначен ИНЦ-001677869
