09 июн 2020 16:07:34,646 -  выписано задание ЗНО-001274542
09 июн 2020 18:00:05,220 -  выписано задание ЗНО-001277825
11 июн 2020 11:51:56,171 -  выписано задание ИНЦ-001554412
11 июн 2020 15:46:17,698 -  выписано задание ЗНО-001286092
29 июн 2020 11:23:25,743 -  выписано задание ЗНО-001320674
29 июн 2020 16:27:53,179 -  выписано задание ИНЦ-001632774
30 июн 2020 10:12:25,539 -  выписано задание ИНЦ-001494403
30 июн 2020 10:32:05,057 -  выписано задание ИНЦ-001649941
30 июн 2020 10:46:50,306 -  выписано задание ЗНО-001356048
30 июн 2020 10:59:45,511 -  выписано задание ИНЦ-001653060
30 июн 2020 11:19:43,365 -  выписано задание ИНЦ-001655467
02 июл 2020 15:58:03,322 -  выписано задание ИНЦ-001368277
03 июл 2020 15:18:02,142 -  выписано задание ЗНО-001374146
03 июл 2020 16:13:58,391 -  выписано задание ИНЦ-001671060
06 июл 2020 11:42:35,856 -  выписано задание ИНЦ-001678989
06 июл 2020 15:28:51,103 -  выписано задание ЗНО-001381502
07 июл 2020 10:12:21,230 -  выписано задание ЗНО-001381502
07 июл 2020 16:04:16,583 -  выписано задание ЗНО-001387198
08 июл 2020 10:50:45,248 -  выписано задание ИНЦ-001699364
08 июл 2020 11:35:09,160 -  выписано задание ИНЦ-001704005
09 июл 2020 10:21:25,232 -  выписано задание ЗНО-001396654
09 июл 2020 16:36:14,318 -  выписано задание ЗНО-001398704
09 июл 2020 16:38:29,695 -  выписано задание ЗНО-001400085
10 июл 2020 10:28:55,785 -  выписано задание ИНЦ-001711791
10 июл 2020 13:42:59,477 -  выписано задание ЗНО-001403422
10 июл 2020 14:43:54,104 -  выписано задание ИНЦ-001717985
10 июл 2020 16:13:05,505 -  выписано задание ИНЦ-001720580
13 июл 2020 17:35:50,084 -  выписано задание ЗНО-001411373
14 июл 2020 11:47:43,094 -  выписано задание ИНЦ-001720949
15 июл 2020 11:54:30,472 -  выписано задание ИНЦ-001744495
15 июл 2020 12:12:51,156 -  выписано задание ИНЦ-001745472
16 июл 2020 12:38:55,935 -  выписано задание ЗНО-001422885-001
17 июл 2020 11:37:41,016 -  выписано задание ЗНО-001428052
20 июл 2020 16:07:39,661 -  выписано задание ЗНО-001440352
20 июл 2020 16:20:26,937 -  выписано задание ИНЦ-001761976
20 июл 2020 17:03:54,306 -  выписано задание ИНЦ-001749942
20 июл 2020 17:29:19,153 -  выписано задание ИНЦ-001671060
21 июл 2020 13:52:05,699 -  выписано задание ИНЦ-001778450
21 июл 2020 14:19:09,990 -  выписано задание ЗНО-001444786
21 июл 2020 16:17:04,211 -  выписано задание ЗНО-001444786
21 июл 2020 16:22:42,425 -  выписано задание ЗНО-001446854
21 июл 2020 16:30:43,325 -  выписано задание ЗНО-001444786
22 июл 2020 14:32:08,008 -  выписано задание ЗНО-001452103
22 июл 2020 17:04:56,067 -  выписано задание ИНЦ-001790440
23 июл 2020 11:05:25,703 -  выписано задание ИНЦ-001790440
