08 ???. 2020 15:11:59,018 - 1
08 ???. 2020 15:12:18,190 - 1
08 ???. 2020 15:12:47,605 - 1
08 ???. 2020 15:13:33,837 - 1
08 ???. 2020 15:16:02,873 - 1
08 ???. 2020 15:24:32,287 - 1
08 ???. 2020 15:24:41,813 - 67
08 ???. 2020 15:24:43,696 - adfaf
08 ???. 2020 15:30:08,385 - 1
08 ???. 2020 15:30:33,425 - safasgsga
08 ???. 2020 15:31:31,498 - 1
08 ???. 2020 15:31:33,771 - adfaf
08 ???. 2020 15:32:00,296 - 1
08 ???. 2020 15:32:01,412 - 2
08 ???. 2020 15:33:20,305 - 1
08 ???. 2020 15:33:22,126 - ????
08 ???. 2020 15:33:26,694 - ????3454235
08 ???. 2020 15:33:29,658 - 23432???
08 ???. 2020 15:33:36,351 - 15
08 ???. 2020 15:33:39,502 - ??????
10 ???. 2020 11:07:53,124 - 1
10 ???. 2020 11:07:55,615 - 3
10 ???. 2020 11:07:57,829 - 2
10 ???. 2020 11:07:59,033 - 0
10 ???. 2020 11:07:59,879 - 0
10 ???. 2020 11:08:01,101 - 0
10 ???. 2020 11:08:01,887 - 0
10 ???. 2020 11:08:02,740 - 0
10 ???. 2020 11:08:44,560 - ???-001671060
10 ???. 2020 11:13:50,984 - 1
10 ???. 2020 11:13:52,545 - 5
10 ???. 2020 11:13:55,090 - 5
10 ???. 2020 11:13:56,237 - 0
10 ???. 2020 11:13:56,913 - 0
10 ???. 2020 11:13:57,677 - 0
10 ???. 2020 11:13:58,830 - 0
10 ???. 2020 11:14:00,151 - 0
10 ???. 2020 11:14:02,866 - ???-001671060
10 ???. 2020 11:14:07,677 - ???-001671061
10 ???. 2020 11:14:10,154 - ???-001671062
10 ???. 2020 11:14:13,768 - ???-001671063
10 ???. 2020 11:14:18,174 - ???-001671064
10 ???. 2020 11:14:22,704 - q
10 ???. 2020 11:19:35,597 - 1
10 ???. 2020 11:19:37,424 - 5
10 ???. 2020 11:19:38,358 - 1
10 ???. 2020 11:19:39,574 - 0
10 ???. 2020 11:19:40,256 - 0
10 ???. 2020 11:19:40,765 - 0
10 ???. 2020 11:19:41,263 - 0
10 ???. 2020 11:19:42,184 - 0
10 ???. 2020 11:19:54,534 - ???-001671060
10 ???. 2020 11:22:11,663 - 1
10 ???. 2020 11:22:14,223 - 5
10 ???. 2020 11:22:16,371 - 3
10 ???. 2020 11:22:17,619 - 0
10 ???. 2020 11:22:18,304 - 0
10 ???. 2020 11:22:18,942 - 0
10 ???. 2020 11:22:19,731 - 0
10 ???. 2020 11:22:21,042 - 0
10 ???. 2020 11:22:23,314 - ???-001671060
10 ???. 2020 11:22:26,891 - ???-001671061
10 ???. 2020 11:22:29,433 - ???-001671062
10 ???. 2020 11:22:31,991 - q
10 ???. 2020 11:37:40,613 - 1
10 ???. 2020 11:39:03,114 - 1
10 ???. 2020 11:40:03,747 - 1
10 ???. 2020 11:46:03,432 - 1
10 ???. 2020 11:48:27,050 - 1
10 ???. 2020 11:49:16,536 - 1
10 ???. 2020 11:50:02,312 - 1
10 ???. 2020 11:50:32,982 - 1
10 ???. 2020 11:51:26,153 - 1
10 ???. 2020 11:52:02,679 - 5
10 ???. 2020 11:52:05,711 - 1
10 ???. 2020 11:52:10,583 - 0
10 ???. 2020 11:52:14,689 - 0
10 ???. 2020 11:52:18,461 - 0
10 ???. 2020 11:52:26,431 - 0
10 ???. 2020 11:52:30,582 - 0
10 ???. 2020 11:53:09,784 - 1
10 ???. 2020 11:54:52,434 - 1
10 ???. 2020 11:54:56,383 - 5
10 ???. 2020 11:54:57,222 - 1
10 ???. 2020 11:54:58,174 - 0
10 ???. 2020 11:54:58,830 - 0
10 ???. 2020 11:54:59,649 - 0
10 ???. 2020 11:55:00,457 - 0
10 ???. 2020 11:55:01,731 - 0
10 ???. 2020 11:55:28,399 - ???-001717985
10 ???. 2020 11:55:32,264 - q
10 ???. 2020 11:56:01,180 - 1
10 ???. 2020 11:56:03,828 - 1
10 ???. 2020 11:56:06,676 - 1
10 ???. 2020 11:56:07,678 - 0
10 ???. 2020 11:56:08,508 - 0
10 ???. 2020 11:56:09,346 - 0
10 ???. 2020 11:56:10,238 - 0
10 ???. 2020 11:56:11,073 - 0
10 ???. 2020 11:56:13,745 - ???-001402849
10 ???. 2020 11:56:15,674 - q
10 ???. 2020 12:00:29,596 - 1
10 ???. 2020 12:00:33,472 - 1
10 ???. 2020 12:00:34,871 - 1
10 ???. 2020 12:00:37,253 - 0
10 ???. 2020 12:00:37,974 - 0
10 ???. 2020 12:00:38,797 - 0
10 ???. 2020 12:00:40,519 - 0
10 ???. 2020 12:00:41,915 - 0
10 ???. 2020 12:00:59,606 - ???-001671060
10 ???. 2020 12:01:04,773 - 2
10 ???. 2020 12:01:08,091 - ???-001671060
10 ???. 2020 12:05:02,094 - 1
10 ???. 2020 12:05:03,339 - 2
10 ???. 2020 12:05:04,252 - 2
10 ???. 2020 12:05:05,541 - 0
10 ???. 2020 12:05:06,187 - 0
10 ???. 2020 12:05:06,860 - 0
10 ???. 2020 12:05:07,624 - 0
10 ???. 2020 12:05:08,892 - 0
10 ???. 2020 12:05:10,632 - ???-001715117
10 ???. 2020 12:05:27,017 - ???-001671060
10 ???. 2020 12:05:32,123 - 2
10 ???. 2020 12:05:33,383 - ???-001671060
10 ???. 2020 12:06:03,343 - 1
10 ???. 2020 12:06:06,730 - 2
10 ???. 2020 12:06:08,677 - 2
10 ???. 2020 12:06:09,417 - 0
10 ???. 2020 12:06:10,025 - 0
10 ???. 2020 12:06:10,706 - 0
10 ???. 2020 12:06:16,595 - 0
10 ???. 2020 12:06:18,891 - 0
10 ???. 2020 12:06:29,209 - ???-001671060
10 ???. 2020 12:06:37,499 - ???-001373452
10 ???. 2020 12:06:57,537 - 1
10 ???. 2020 12:07:00,742 - 2
10 ???. 2020 12:07:04,505 - 2
10 ???. 2020 12:07:05,312 - 0
10 ???. 2020 12:07:06,004 - 0
10 ???. 2020 12:07:06,696 - 0
10 ???. 2020 12:07:07,502 - 0
10 ???. 2020 12:07:08,754 - 0
10 ???. 2020 12:07:10,313 - ???-001373452
10 ???. 2020 12:07:18,979 - ???-001671060
10 ???. 2020 12:07:28,246 - 2
10 ???. 2020 12:07:29,663 - ???-001373452
10 ???. 2020 12:13:43,311 - 2
10 ???. 2020 12:13:45,109 - ???-001671060
10 ???. 2020 12:38:03,920 - 2
10 ???. 2020 12:38:06,019 - ???-001671060
10 ???. 2020 12:41:56,149 - 2
10 ???. 2020 12:41:57,373 - ???-001671060
10 ???. 2020 12:47:14,706 - 2
10 ???. 2020 12:47:16,105 - ???-001671060
10 ???. 2020 12:49:25,715 - 2
10 ???. 2020 12:49:26,892 - ???-001671060
10 ???. 2020 12:51:16,055 - 2
10 ???. 2020 12:51:16,941 - ???-001671060
10 ???. 2020 12:51:18,830 - q
10 ???. 2020 12:55:14,389 - 2
10 ???. 2020 12:55:15,738 - ???-001671060
10 ???. 2020 12:55:22,748 - 2
10 ???. 2020 12:55:24,043 - ???-001671060
10 ???. 2020 12:55:47,708 - 5
10 ???. 2020 12:55:49,026 - ???-001671060
10 ???. 2020 12:55:50,506 - q
10 ???. 2020 12:59:53,841 - 1
10 ???. 2020 12:59:54,900 - 34
10 ???. 2020 13:00:01,670 - 9
10 ???. 2020 13:00:03,293 - 0
10 ???. 2020 13:00:03,680 - 0
10 ???. 2020 13:00:04,008 - 0
10 ???. 2020 13:00:04,340 - 0
10 ???. 2020 13:00:04,670 - 0
10 ???. 2020 13:00:07,305 - ???-001402849
10 ???. 2020 13:04:03,025 - 1
10 ???. 2020 13:04:05,327 - 1
10 ???. 2020 13:04:06,401 - 1
10 ???. 2020 13:04:07,675 - 0
10 ???. 2020 13:04:08,266 - 0
10 ???. 2020 13:04:08,851 - 0
10 ???. 2020 13:04:09,639 - 0
10 ???. 2020 13:04:10,530 - 0
10 ???. 2020 13:04:27,263 - ???-001402849
10 ???. 2020 13:05:31,796 - 2
10 ???. 2020 13:05:32,994 - ???-001402849
10 ???. 2020 13:06:10,344 - 1
10 ???. 2020 13:06:11,703 - 1
10 ???. 2020 13:06:12,479 - 1
10 ???. 2020 13:06:13,642 - 0
10 ???. 2020 13:06:14,302 - 0
10 ???. 2020 13:06:14,981 - 0
10 ???. 2020 13:06:15,754 - 0
10 ???. 2020 13:06:17,076 - 0
10 ???. 2020 13:06:19,174 - ???-001402849
10 ???. 2020 13:06:23,716 - 5
10 ???. 2020 13:06:24,968 - ???-001402849
10 ???. 2020 13:06:26,824 - q
10 ???. 2020 13:07:28,775 - 1
10 ???. 2020 13:07:29,924 - 1
10 ???. 2020 13:07:31,921 - 1
10 ???. 2020 13:07:32,636 - 0
10 ???. 2020 13:07:33,152 - 0
10 ???. 2020 13:07:33,752 - 0
10 ???. 2020 13:07:34,519 - 0
10 ???. 2020 13:07:35,278 - 0
10 ???. 2020 13:07:37,124 - ???-001402849
10 ???. 2020 13:09:28,756 - 1
10 ???. 2020 13:09:29,703 - 1
10 ???. 2020 13:09:30,410 - 1
10 ???. 2020 13:09:31,516 - 0
10 ???. 2020 13:09:32,154 - 0
10 ???. 2020 13:09:32,716 - 0
10 ???. 2020 13:09:33,673 - 0
10 ???. 2020 13:09:34,762 - 0
10 ???. 2020 13:09:36,157 - ???-001402849
10 ???. 2020 13:09:45,981 - q
10 ???. 2020 13:10:04,553 - 2
10 ???. 2020 13:10:06,156 - ???-001402849
10 ???. 2020 13:44:22,525 - 1
10 ???. 2020 13:44:24,602 - 1
10 ???. 2020 13:44:25,377 - 1
10 ???. 2020 13:44:26,463 - 0
10 ???. 2020 13:44:27,027 - 0
10 ???. 2020 13:44:27,560 - 0
10 ???. 2020 13:44:28,327 - 0
10 ???. 2020 13:44:29,780 - 0
10 ???. 2020 13:44:31,594 - ???-001403422
10 ???. 2020 13:45:39,077 - 3
10 ???. 2020 13:45:54,955 - ???-001403422
10 ???. 2020 13:47:39,651 - 2
10 ???. 2020 13:47:45,420 - ???-001403422
10 ???. 2020 13:53:26,272 - 1
10 ???. 2020 13:53:28,013 - 2
10 ???. 2020 13:53:28,774 - 2
10 ???. 2020 13:53:29,911 - 0
10 ???. 2020 13:53:30,256 - 0
10 ???. 2020 13:53:30,527 - 0
10 ???. 2020 13:53:30,790 - 0
10 ???. 2020 13:53:31,626 - 0
10 ???. 2020 13:53:34,438 - ???-001404057
10 ???. 2020 13:53:37,759 - ???-001404058
10 ???. 2020 13:54:02,877 - 2
10 ???. 2020 13:54:05,664 - ???-001404057
10 ???. 2020 13:54:58,848 - 1
10 ???. 2020 13:55:02,538 - 2
10 ???. 2020 13:55:03,439 - 2
10 ???. 2020 13:55:04,305 - 0
10 ???. 2020 13:55:04,763 - 0
10 ???. 2020 13:55:05,189 - 0
10 ???. 2020 13:55:05,835 - 0
10 ???. 2020 13:55:06,628 - 0
10 ???. 2020 13:55:08,166 - ???-001404057
10 ???. 2020 13:55:10,669 - ???-001404058
10 ???. 2020 13:55:39,090 - 2
10 ???. 2020 13:55:40,410 - ???-001404057
10 ???. 2020 13:56:05,008 - 2
10 ???. 2020 13:56:07,542 - ???-001404058
10 ???. 2020 13:56:46,109 - 2
10 ???. 2020 13:56:47,454 - ???-001404057
10 ???. 2020 15:21:56,745 - 2
10 ???. 2020 15:21:58,058 - ???-001402849
10 ???. 2020 15:25:41,877 - 2
10 ???. 2020 15:25:42,808 - ???-001402849
10 ???. 2020 15:28:18,334 - 1
10 ???. 2020 15:28:19,433 - 1
10 ???. 2020 15:28:20,187 - 1
10 ???. 2020 15:28:21,227 - 0
10 ???. 2020 15:28:21,651 - 0
10 ???. 2020 15:28:22,013 - 0
10 ???. 2020 15:28:22,763 - 0
10 ???. 2020 15:28:23,750 - 0
10 ???. 2020 15:28:25,445 - ???-001402849
10 ???. 2020 15:28:27,623 - q
10 ???. 2020 15:28:40,405 - 2
10 ???. 2020 15:28:42,187 - ???-001402849
10 ???. 2020 15:28:46,293 - q
10 ???. 2020 15:29:18,298 - 2
10 ???. 2020 15:29:19,504 - ???-001402849
10 ???. 2020 15:29:22,927 - 3
10 ???. 2020 15:29:26,002 - ???-001402848
10 ???. 2020 15:29:27,558 - q
10 ???. 2020 15:33:07,256 - 1
10 ???. 2020 15:33:08,718 - 2
10 ???. 2020 15:33:09,519 - 2
10 ???. 2020 15:33:10,543 - 0
10 ???. 2020 15:33:11,149 - 0
10 ???. 2020 15:33:11,686 - 0
10 ???. 2020 15:33:12,316 - 0
10 ???. 2020 15:33:13,071 - 0
10 ???. 2020 15:33:31,338 - ???-001373452
10 ???. 2020 15:33:49,223 - ???-001373452
10 ???. 2020 15:33:53,382 - ???-001373453
10 ???. 2020 15:34:43,484 - 2
10 ???. 2020 15:34:50,145 - ???-001373452
10 ???. 2020 15:39:00,522 - 1
10 ???. 2020 15:39:01,865 - 2
10 ???. 2020 15:39:02,658 - 2
10 ???. 2020 15:39:03,741 - 0
10 ???. 2020 15:39:04,493 - 0
10 ???. 2020 15:39:05,273 - 0
10 ???. 2020 15:39:06,440 - 0
10 ???. 2020 15:39:07,883 - 0
10 ???. 2020 15:39:09,293 - ???-001373452
10 ???. 2020 15:39:46,884 - ???-001373452
10 ???. 2020 15:39:50,338 - ???-001373453
10 ???. 2020 15:43:15,298 - 1
10 ???. 2020 15:43:16,494 - 2
10 ???. 2020 15:43:17,325 - 2
10 ???. 2020 15:43:18,366 - 0
10 ???. 2020 15:43:19,034 - 0
10 ???. 2020 15:43:19,705 - 0
10 ???. 2020 15:43:20,593 - 0
10 ???. 2020 15:43:21,914 - 0
10 ???. 2020 15:43:34,597 - ???-001373452
10 ???. 2020 15:43:37,911 - ???-001373453
10 ???. 2020 15:43:48,005 - 2
10 ???. 2020 15:43:50,093 - ???-001373452
10 ???. 2020 15:43:52,027 - q
10 ???. 2020 15:53:30,417 - 1
10 ???. 2020 15:53:32,325 - 2
10 ???. 2020 15:53:33,181 - 2
10 ???. 2020 15:53:33,690 - 0
10 ???. 2020 15:53:34,094 - 0
10 ???. 2020 15:53:34,884 - 0
10 ???. 2020 15:53:35,767 - 0
10 ???. 2020 15:53:36,989 - 0
10 ???. 2020 15:53:38,289 - ???-001402433
10 ???. 2020 15:53:40,777 - ???-001402433
10 ???. 2020 15:53:44,416 - ???-001402435
10 ???. 2020 15:53:46,029 - q
13 ???. 2020 13:56:24,213 - 6
13 ???. 2020 14:26:08,483 - 6
13 ???. 2020 14:27:02,096 - 6
13 ???. 2020 14:28:51,871 - 6
13 ???. 2020 14:31:41,757 - 6
13 ???. 2020 16:31:07,263 - 1
13 ???. 2020 16:31:10,716 - 41
13 ???. 2020 16:31:13,461 - 20
13 ???. 2020 16:33:37,383 - 1
13 ???. 2020 16:33:39,151 - 50
13 ???. 2020 16:33:40,692 - 20
13 ???. 2020 16:35:46,251 - 6
14 ???. 2020 10:13:28,077 - 1
14 ???. 2020 10:13:30,999 - 28
14 ???. 2020 10:13:33,169 - 13
14 ???. 2020 10:15:59,610 - 1
14 ???. 2020 10:16:01,594 - 28
14 ???. 2020 10:16:03,390 - 13
14 ???. 2020 10:19:36,172 - 1
14 ???. 2020 10:19:38,145 - 28
14 ???. 2020 10:19:39,929 - 13
14 ???. 2020 10:20:37,409 - 1
14 ???. 2020 10:20:39,005 - 28
14 ???. 2020 10:20:40,352 - 13
14 ???. 2020 10:21:19,861 - 1
14 ???. 2020 10:21:21,223 - 28
14 ???. 2020 10:21:25,136 - 13
14 ???. 2020 10:22:36,525 - 6
14 ???. 2020 10:30:19,957 - 1
14 ???. 2020 10:30:24,887 - 28
14 ???. 2020 10:30:27,808 - 13
14 ???. 2020 10:30:30,448 - 10
14 ???. 2020 10:30:32,807 - 2
14 ???. 2020 10:30:33,979 - 5
14 ???. 2020 10:30:35,822 - 3
14 ???. 2020 10:31:06,971 - 1
14 ???. 2020 10:31:08,362 - 28
14 ???. 2020 10:31:09,580 - 13
14 ???. 2020 10:31:11,049 - 10
14 ???. 2020 10:31:12,189 - 2
14 ???. 2020 10:31:13,407 - 5
14 ???. 2020 10:31:14,751 - 3
14 ???. 2020 10:31:15,688 - 0
14 ???. 2020 10:31:33,322 - ???-001414275
14 ???. 2020 10:34:00,943 - ???-001414276
14 ???. 2020 10:34:51,409 - ???-001414275
14 ???. 2020 10:34:55,705 - ???-001414277
14 ???. 2020 10:35:47,006 - ???-001414278
14 ???. 2020 10:40:34,996 - 1
14 ???. 2020 10:40:36,387 - 28
14 ???. 2020 10:40:37,996 - 13
14 ???. 2020 10:40:39,605 - 10
14 ???. 2020 10:40:42,307 - 2
14 ???. 2020 10:40:43,369 - 5
14 ???. 2020 10:40:44,150 - 3
14 ???. 2020 10:40:45,259 - 0
14 ???. 2020 10:40:58,726 - ???-001737863
14 ???. 2020 10:42:41,983 - 1
14 ???. 2020 10:42:43,842 - 28
14 ???. 2020 10:42:46,045 - 13
14 ???. 2020 10:42:48,091 - 10
14 ???. 2020 10:42:55,448 - 2
14 ???. 2020 10:43:24,738 - 5
14 ???. 2020 10:44:34,016 - 1
14 ???. 2020 10:44:35,687 - 28
14 ???. 2020 10:44:37,219 - 13
14 ???. 2020 10:44:39,202 - 10
14 ???. 2020 10:44:41,655 - 2
14 ???. 2020 10:44:42,217 - 5
14 ???. 2020 10:44:43,248 - 3
14 ???. 2020 10:44:44,310 - 0
14 ???. 2020 10:44:45,779 - //pestov.setTasksWithTasks(countTasksWithTasks);
14 ???. 2020 10:44:58,935 - ???-001414641
14 ???. 2020 10:45:55,562 - ???-001414642
14 ???. 2020 10:46:31,662 - ???-001414643
14 ???. 2020 10:48:37,972 - 1
14 ???. 2020 10:48:40,034 - 28
14 ???. 2020 10:48:41,268 - 13
14 ???. 2020 11:16:36,279 - 32
14 ???. 2020 11:16:40,278 - 1
14 ???. 2020 11:16:41,809 - 32
14 ???. 2020 11:16:43,886 - 4
14 ???. 2020 11:24:51,837 - 1
14 ???. 2020 11:24:53,102 - 32
14 ???. 2020 11:24:54,368 - 4
14 ???. 2020 11:25:10,895 - 1
14 ???. 2020 11:25:12,192 - 32
14 ???. 2020 11:25:13,754 - 4
14 ???. 2020 11:27:47,565 - 1
14 ???. 2020 11:27:48,706 - 32
14 ???. 2020 11:27:50,330 - 4
14 ???. 2020 11:28:35,757 - 1
14 ???. 2020 11:28:36,944 - 32
14 ???. 2020 11:28:38,225 - 4
14 ???. 2020 11:28:48,098 - 6
14 ???. 2020 12:42:38,407 - 6
14 ???. 2020 12:58:41,971 - 6
14 ???. 2020 13:00:05,814 - 6
14 ???. 2020 13:01:45,224 - 1
14 ???. 2020 13:01:47,155 - 30
14 ???. 2020 13:01:50,902 - 3
14 ???. 2020 15:20:35,092 - 1
14 ???. 2020 15:20:48,286 - 1
14 ???. 2020 15:20:49,939 - 40
14 ???. 2020 15:20:58,382 - 4
14 ???. 2020 16:15:31,222 - 1
14 ???. 2020 16:15:34,226 - 40
14 ???. 2020 16:15:36,504 - 20
14 ???. 2020 17:29:16,175 - 6
14 ???. 2020 17:31:05,409 - 6
14 ???. 2020 17:31:22,082 - 6
14 ???. 2020 17:31:53,507 - 6
14 ???. 2020 17:34:25,553 - 6
14 ???. 2020 17:34:54,534 - 6
14 ???. 2020 17:35:01,989 - q
15 ???. 2020 12:18:50,033 - 
15 ???. 2020 12:19:30,979 - 1
15 ???. 2020 12:21:49,378 - 
15 ???. 2020 12:40:09,999 - 
15 ???. 2020 12:40:11,936 - 
15 ???. 2020 12:40:15,880 - 
15 ???. 2020 12:40:24,363 - 
15 ???. 2020 12:40:46,203 - 
15 ???. 2020 12:40:56,674 - 
15 ???. 2020 12:41:08,807 - 
15 ???. 2020 12:41:22,907 - 
15 ???. 2020 12:41:49,913 - 
15 ???. 2020 12:42:47,700 - 
15 ???. 2020 12:46:05,367 - 1
15 ???. 2020 12:47:12,398 - 1
15 ???. 2020 12:47:16,692 - 3
15 ???. 2020 12:47:17,978 - 2
15 ???. 2020 12:47:19,653 - 0
15 ???. 2020 12:47:20,514 - 0
15 ???. 2020 12:47:43,890 - ???-001671060
15 ???. 2020 12:47:46,506 - ???-001671061
15 ???. 2020 12:47:58,659 - ???-001671060
15 ???. 2020 12:48:13,697 - q
15 ???. 2020 13:04:33,183 - 7
15 ???. 2020 13:05:25,469 - 7
15 ???. 2020 13:10:29,374 - 7
15 ???. 2020 13:13:25,831 - 7
15 ???. 2020 13:14:16,632 - 3
15 ???. 2020 13:14:18,619 - ???-001411564
15 ???. 2020 13:14:23,118 - q
15 ???. 2020 13:14:58,557 - 3
15 ???. 2020 13:15:00,122 - ???-001742935
15 ???. 2020 13:15:02,625 - q
15 ???. 2020 13:15:15,922 - 7
15 ???. 2020 13:16:23,196 - 7
15 ???. 2020 13:23:50,071 - 7
15 ???. 2020 13:28:25,343 - 2
15 ???. 2020 13:28:27,104 - ???-001742935
15 ???. 2020 13:28:38,172 - ???-001411564
15 ???. 2020 13:28:49,462 - 3
15 ???. 2020 13:28:50,779 - ???-001411564
15 ???. 2020 13:32:07,109 - ???-001720949 
15 ???. 2020 15:26:10,313 - 1
15 ???. 2020 15:26:49,483 - 1
15 ???. 2020 15:26:53,290 - {"???-001737863":{"Assigned":"batanov","Current status":"NOTE_DONE","History":[{"NOTE_DONE":"14.07.2020 10:07:58 MSK"}]},"???-001742935":{"Assigned":"pestov","Current status":"DONE","History":[{"NOTE_DONE":"14.07.2020 14:40:54 MSK"},{"DONE":"14.07.2020 17:14:19 MSK"}]},"???-001411564":{"Assigned":"pestov","Current status":"DONE","History":[{"NOTE_DONE":"13.07.2020 14:49:32 MSK"},{"DONE":"13.07.2020 17:36:52 MSK"}]},"???-001741567":{"Assigned":"batanov","Current status":"NOTE_DONE","History":[{"NOTE_DONE":"14.07.2020 11:33:00 MSK"}]},"???-001414275":{"Assigned":"batanov","Current status":"NOTE_DONE","History":[{"NOTE_DONE":"14.07.2020 10:06:52 MSK"}]},"???-001403422":{"Assigned":"pestov","Current status":"DONE","History":[{"DONE":"13.07.2020 12:16:08 MSK"}]},"???-001750957":{"Assigned":"pestov","Current status":"NOTE_DONE","History":[{"NOTE_DONE":"15.07.2020 15:24:42 MSK"}]},"???-001717985":{"Assigned":"pestov","Current status":"DONE","History":[{"DONE":"13.07.2020 12:44:38 MSK"}]},"???-001736784":{"Assigned":"pestov","Current status":"DONE","History":[{"NOTE_DONE":"13.07.2020 16:43:58 MSK"},{"DONE":"13.07.2020 17:53:23 MSK"},{"DONE":"14.07.2020 15:48:20 MSK"},{"DONE":"14.07.2020 16:12:35 MSK"}]},"???-001744700":{"Assigned":"pestov","Current status":"DONE","History":[{"NOTE_DONE":"15.07.2020 10:21:22 MSK"},{"WAITING":"15.07.2020 12:02:17 MSK"},{"DONE":"15.07.2020 14:05:52 MSK"}]},"???-001417533":{"Assigned":"pestov","Current status":"DONE","History":[{"NOTE_DONE":"14.07.2020 15:22:30 MSK"},{"DONE":"14.07.2020 15:36:53 MSK"}]},"???-001744421":{"Assigned":"pestov","Current status":"DONE","History":[{"NOTE_DONE":"15.07.2020 10:20:52 MSK"},{"DONE":"15.07.2020 11:52:11 MSK"},{"DONE":"15.07.2020 14:01:36 MSK"}]},"???-001750940":{"Assigned":"pestov","Current status":"NOTE_DONE","History":[{"NOTE_DONE":"15.07.2020 15:24:26 MSK"}]},"???-001745001":{"Assigned":"pestov","Current status":"NOT_US","History":[{"NOT_US":"15.07.2020 10:22:42 MSK"}]},"???-001743061":{"Assigned":"pestov","Current status":"DONE","History":[{"NOTE_DONE":"14.07.2020 14:41:10 MSK"},{"DONE":"14.07.2020 17:20:34 MSK"},{"DONE":"15.07.2020 13:56:38 MSK"}]},"???-001736937":{"Assigned":"pestov","Current status":"DONE","History":[{"NOTE_DONE":"13.07.2020 16:44:39 MSK"},{"DONE":"13.07.2020 17:57:53 MSK"}]},"???-001737985":{"Assigned":"batanov","Current status":"NOTE_DONE","History":[{"NOTE_DONE":"14.07.2020 10:08:13 MSK"}]},"???-001740813":{"Assigned":"batanov","Current status":"NOTE_DONE","History":[{"NOTE_DONE":"14.07.2020 10:10:05 MSK"}]},"???-001678989":{"Assigned":"pestov","Current status":"DONE","History":[{"DONE":"13.07.2020 12:14:05 MSK"}]},"???-001741587":{"Assigned":"pestov","Current status":"DONE","History":[{"NOTE_DONE":"14.07.2020 14:39:48 MSK"},{"DONE":"14.07.2020 15:51:56 MSK"}]},"???-001748382":{"Assigned":"batanov","Current status":"NOTE_DONE","History":[{"NOTE_DONE":"15.07.2020 10:23:52 MSK"}]},"???-001403562":{"Assigned":"pestov","Current status":"DONE","History":[{"DONE":"10.07.2020 16:03:01 MSK"}]},"???-001405862":{"Assigned":"pestov","Current status":"DONE","History":[{"NOTE_DONE":"13.07.2020 09:59:06 MSK"},{"DONE":"13.07.2020 12:22:18 MSK"}]},"???-001738069":{"Assigned":"batanov","Current status":"NOTE_DONE","History":[{"NOTE_DONE":"14.07.2020 10:08:30 MSK"}]},"???-001719664":{"Assigned":"pestov","Current status":"DONE","History":[{"DONE":"10.07.2020 16:05:42 MSK"},{"DONE":"13.07.2020 12:59:07 MSK"}]},"???-001740765":{"Assigned":"batanov","Current status":"NOTE_DONE","History":[{"NOTE_DONE":"14.07.2020 10:09:50 MSK"}]},"???-001741733":{"Assigned":"pestov","Current status":"DONE","History":[{"NOTE_DONE":"14.07.2020 11:32:36 MSK"},{"DONE":"14.07.2020 12:15:01 MSK"},{"DONE":"14.07.2020 16:35:18 MSK"},{"DONE":"15.07.2020 10:58:24 MSK"}]},"???-001414449":{"Assigned":"batanov","Current status":"NOTE_DONE","History":[{"NOTE_DONE":"14.07.2020 10:07:12 MSK"}]},"???-001412701":{"Assigned":"pestov","Current status":"DONE","History":[{"NOTE_DONE":"15.07.2020 10:19:09 MSK"},{"DONE":"15.07.2020 10:41:24 MSK"}]},"???-001414326":{"Assigned":"batanov","Current status":"NOTE_DONE","History":[{"NOTE_DONE":"14.07.2020 11:33:21 MSK"}]},"???-001721468":{"Assigned":"batanov","Current status":"NOTE_DONE","History":[{"NOTE_DONE":"13.07.2020 10:00:21 MSK"}]},"???-001422604":{"Assigned":"pestov","Current status":"NOTE_DONE","History":[{"NOTE_DONE":"15.07.2020 14:42:43 MSK"}]},"???-001413991":{"Assigned":"pestov","Current status":"DONE","History":[{"NOTE_DONE":"13.07.2020 17:18:24 MSK"},{"DONE":"13.07.2020 17:48:21 MSK"}]},"???-001422971":{"Assigned":"pestov","Current status":"NOTE_DONE","History":[{"NOTE_DONE":"15.07.2020 14:42:57 MSK"}]},"???-001749741":{"Assigned":"pestov","Current status":"NOTE_DONE","History":[{"NOTE_DONE":"15.07.2020 14:44:31 MSK"}]},"???-001403037":{"Assigned":"pestov","Current status":"DONE","History":[{"DONE":"13.07.2020 12:37:11 MSK"}]},"???-001397775":{"Assigned":"pestov","Current status":"DONE","History":[{"NOTE_DONE":"13.07.2020 14:48:13 MSK"},{"NOT_US":"13.07.2020 17:21:29 MSK"},{"NOTE_DONE":"14.07.2020 14:41:49 MSK"},{"DONE":"14.07.2020 15:46:15 MSK"}]},"???-001711791":{"Assigned":"pestov","Current status":"DONE","History":[{"DONE":"13.07.2020 11:27:26 MSK"}]},"???-001720949":{"Assigned":"pestov","Current status":"DONE","History":[{"NOTE_DONE":"10.07.2020 16:08:32 MSK"},{"DONE":"10.07.2020 16:17:00 MSK"},{"TASK":"14.07.2020 11:47:43 MSK"},{"DONE":"15.07.2020 13:30:45 MSK"}]},"???-001411244":{"Assigned":"pestov","Current status":"DONE","History":[{"NOTE_DONE":"13.07.2020 14:48:54 MSK"},{"WAITING":"13.07.2020 17:23:13 MSK"},{"DONE":"15.07.2020 10:25:08 MSK"}]},"???-001420876":{"Assigned":"batanov","Current status":"NOTE_DONE","History":[{"NOTE_DONE":"15.07.2020 10:20:21 MSK"}]},"???-001720823":{"Assigned":"pestov","Current status":"DONE","History":[{"NOTE_DONE":"10.07.2020 16:08:19 MSK"},{"WAITING":"10.07.2020 16:14:27 MSK"},{"DONE":"13.07.2020 13:05:59 MSK"}]},"???-001741486":{"Assigned":"pestov","Current status":"DONE","History":[{"NOTE_DONE":"14.07.2020 11:33:34 MSK"},{"DONE":"14.07.2020 12:10:04 MSK"},{"DONE":"14.07.2020 15:51:00 MSK"}]},"???-001749014":{"Assigned":"pestov","Current status":"NOTE_DONE","History":[{"NOTE_DONE":"15.07.2020 14:43:58 MSK"}]},"???-001400990":{"Assigned":"pestov","Current status":"DONE","History":[{"WAITING":"10.07.2020 10:18:51 MSK"},{"DONE":"14.07.2020 11:35:38 MSK"}]},"???-001733339":{"Assigned":"pestov","Current status":"DONE","History":[{"NOTE_DONE":"13.07.2020 10:02:41 MSK"},{"WAITING":"13.07.2020 17:49:42 MSK"},{"DONE":"14.07.2020 11:38:45 MSK"},{"DONE":"14.07.2020 15:47:36 MSK"}]},"???-001404310":{"Assigned":"pestov","Current status":"DONE","History":[{"DONE":"10.07.2020 15:55:07 MSK"},{"WAITING":"10.07.2020 15:56:40 MSK"},{"DONE":"14.07.2020 11:36:27 MSK"}]},"???-001671060":{"Assigned":"pestov","Current status":"TASK","History":[{"WAITING":"03.07.2020 16:13:20 MSK"}]},"???-001734681":{"Assigned":"pestov","Current status":"DONE","History":[{"NOTE_DONE":"13.07.2020 14:50:10 MSK"},{"DONE":"13.07.2020 17:52:31 MSK"}]},"???-001720039":{"Assigned":"pestov","Current status":"DONE","History":[{"DONE":"10.07.2020 16:06:50 MSK"}]},"???-001721488":{"Assigned":"batanov","Current status":"NOTE_DONE","History":[{"NOTE_DONE":"13.07.2020 10:00:46 MSK"}]},"???-001721763":{"Assigned":"pestov","Current status":"DONE","History":[{"NOTE_DONE":"13.07.2020 10:01:14 MSK"},{"DONE":"13.07.2020 13:13:37 MSK"}]},"???-001748668":{"Assigned":"pestov","Current status":"NOTE_DONE","History":[{"NOTE_DONE":"15.07.2020 14:43:15 MSK"}]},"???-001749004":{"Assigned":"pestov","Current status":"NOTE_DONE","History":[{"NOTE_DONE":"15.07.2020 14:43:37 MSK"}]},"???-001749521":{"Assigned":"pestov","Current status":"NOTE_DONE","History":[{"NOTE_DONE":"15.07.2020 14:44:14 MSK"}]},"???-001406568":{"Assigned":"pestov","Current status":"DONE","History":[{"NOTE_DONE":"13.07.2020 09:59:24 MSK"},{"DONE":"13.07.2020 12:39:23 MSK"}]},"???-001738350":{"Assigned":"batanov","Current status":"NOTE_DONE","History":[{"NOTE_DONE":"14.07.2020 10:08:46 MSK"}]},"???-001750628":{"Assigned":"pestov","Current status":"NOTE_DONE","History":[{"NOTE_DONE":"15.07.2020 14:45:33 MSK"}]},"???-001750342":{"Assigned":"pestov","Current status":"NOTE_DONE","History":[{"NOTE_DONE":"15.07.2020 14:45:14 MSK"},{"NOTE_DONE":"15.07.2020 14:50:06 MSK"}]},"???-001733120":{"Assigned":"pestov","Current status":"WAITING","History":[{"NOTE_DONE":"13.07.2020 10:01:31 MSK"},{"DONE":"13.07.2020 13:17:35 MSK"},{"WAITING":"14.07.2020 15:44:23 MSK"}]},"???-001417406":{"Assigned":"pestov","Current status":"DONE","History":[{"NOTE_DONE":"14.07.2020 15:22:01 MSK"},{"DONE":"14.07.2020 15:34:24 MSK"}]},"???-001737169":{"Assigned":"pestov","Current status":"DONE","History":[{"NOTE_DONE":"13.07.2020 16:45:08 MSK"},{"DONE":"13.07.2020 18:01:08 MSK"}]},"???-001408490":{"Assigned":"pestov","Current status":"DONE","History":[{"NOTE_DONE":"13.07.2020 09:59:44 MSK"},{"DONE":"13.07.2020 12:43:43 MSK"}]},"???-001742354":{"Assigned":"pestov","Current status":"DONE","History":[{"NOTE_DONE":"14.07.2020 14:40:21 MSK"},{"DONE":"14.07.2020 17:04:43 MSK"}]},"???-001418213":{"Assigned":"pestov","Current status":"DONE","History":[{"NOTE_DONE":"14.07.2020 15:22:44 MSK"},{"DONE":"14.07.2020 15:39:07 MSK"}]},"???-001744414":{"Assigned":"batanov","Current status":"NOTE_DONE","History":[{"NOTE_DONE":"15.07.2020 10:20:37 MSK"}]},"???-001742755":{"Assigned":"pestov","Current status":"DONE","History":[{"NOTE_DONE":"14.07.2020 14:40:35 MSK"},{"WAITING":"14.07.2020 17:08:34 MSK"},{"DONE":"15.07.2020 11:33:58 MSK"}]},"???-001749942":{"Assigned":"pestov","Current status":"NOTE_DONE","History":[{"NOTE_DONE":"15.07.2020 14:44:51 MSK"}]},"???-001720287":{"Assigned":"pestov","Current status":"DONE","History":[{"NOTE_DONE":"10.07.2020 16:07:43 MSK"},{"DONE":"10.07.2020 16:11:50 MSK"},{"DONE":"13.07.2020 13:01:03 MSK"}]},"???-001748337":{"Assigned":"batanov","Current status":"NOTE_DONE","History":[{"NOTE_DONE":"15.07.2020 10:23:36 MSK"}]},"???-001745472":{"Assigned":"pestov","Current status":"TASK","History":[{"NOTE_DONE":"15.07.2020 10:22:57 MSK"},{"TASK":"15.07.2020 12:12:51 MSK"}]},"???-001422005":{"Assigned":"pestov","Current status":"NOTE_DONE","History":[{"NOTE_DONE":"15.07.2020 14:42:28 MSK"}]},"???-001733637":{"Assigned":"pestov","Current status":"DONE","History":[{"NOTE_DONE":"13.07.2020 14:49:50 MSK"},{"WAITING":"13.07.2020 17:51:30 MSK"},{"DONE":"14.07.2020 11:40:10 MSK"}]},"???-001396654":{"Assigned":"pestov","Current status":"DONE","History":[{"TASK":"13.07.2020 15:08:52 MSK"},{"DONE":"14.07.2020 15:33:47 MSK"}]},"???-001404571":{"Assigned":"pestov","Current status":"DONE","History":[{"DONE":"10.07.2020 15:58:18 MSK"}]},"???-001737677":{"Assigned":"pestov","Current status":"DONE","History":[{"NOTE_DONE":"13.07.2020 17:19:29 MSK"},{"DONE":"13.07.2020 18:02:56 MSK"}]},"???-001738646":{"Assigned":"pestov","Current status":"DONE","History":[{"NOTE_DONE":"14.07.2020 10:09:00 MSK"},{"DONE":"14.07.2020 12:05:28 MSK"}]},"???-001740724":{"Assigned":"pestov","Current status":"DONE","History":[{"NOTE_DONE":"14.07.2020 10:09:35 MSK"},{"DONE":"14.07.2020 12:09:10 MSK"},{"DONE":"14.07.2020 15:50:02 MSK"}]},"???-001414642":{"Assigned":"batanov","Current status":"NOTE_DONE","History":[{"NOTE_DONE":"14.07.2020 10:07:43 MSK"}]},"???-001414641":{"Assigned":"batanov","Current status":"NOTE_DONE","History":[{"NOTE_DONE":"14.07.2020 10:07:28 MSK"}]},"???-001417514":{"Assigned":"pestov","Current status":"DONE","History":[{"NOTE_DONE":"14.07.2020 15:22:17 MSK"},{"DONE":"14.07.2020 15:35:38 MSK"}]},"???-001744804":{"Assigned":"pestov","Current status":"WAITING","History":[{"NOTE_DONE":"15.07.2020 10:21:40 MSK"},{"WAITING":"15.07.2020 12:03:52 MSK"}]},"???-001410445":{"Assigned":"pestov","Current status":"DONE","History":[{"NOTE_DONE":"13.07.2020 10:00:02 MSK"}]},"???-001745734":{"Assigned":"pestov","Current status":"WAITING","History":[{"NOTE_DONE":"15.07.2020 10:23:20 MSK"},{"WAITING":"15.07.2020 12:17:14 MSK"}]},"???-001418685":{"Assigned":"pestov","Current status":"DONE","History":[{"NOTE_DONE":"15.07.2020 10:19:24 MSK"},{"DONE":"15.07.2020 10:43:43 MSK"}]},"???-001419532":{"Assigned":"batanov","Current status":"NOTE_DONE","History":[{"NOTE_DONE":"15.07.2020 10:19:41 MSK"}]},"???-001741890":{"Assigned":"pestov","Current status":"DONE","History":[{"NOTE_DONE":"14.07.2020 14:40:04 MSK"},{"DONE":"14.07.2020 16:07:02 MSK"},{"DONE":"15.07.2020 11:03:22 MSK"}]},"???-001411373":{"Assigned":"pestov","Current status":"TASK","History":[{"NOTE_DONE":"13.07.2020 14:49:16 MSK"},{"TASK":"13.07.2020 17:35:50 MSK"}]},"???-001744495":{"Assigned":"pestov","Current status":"TASK","History":[{"NOTE_DONE":"15.07.2020 10:21:07 MSK"},{"TASK":"15.07.2020 11:54:30 MSK"}]},"???-001423344":{"Assigned":"pestov","Current status":"NOTE_DONE","History":[{"NOTE_DONE":"15.07.2020 15:24:11 MSK"}]},"???-001720580":{"Assigned":"pestov","Current status":"TASK","History":[{"NOTE_DONE":"10.07.2020 16:08:04 MSK"},{"TASK":"10.07.2020 16:13:05 MSK"}]},"???-001421566":{"Assigned":"batanov","Current status":"NOTE_DONE","History":[{"NOTE_DONE":"15.07.2020 14:42:12 MSK"}]},"???-001738771":{"Assigned":"batanov","Current status":"NOTE_DONE","History":[{"NOTE_DONE":"14.07.2020 10:09:23 MSK"}]},"???-001733247":{"Assigned":"pestov","Current status":"NOT_US","History":[{"NOTE_DONE":"13.07.2020 10:02:20 MSK"},{"NOT_US":"13.07.2020 13:20:58 MSK"}]},"???-001398704":{"Assigned":"pestov","Current status":"TASK","History":[{"TASK":"09.07.2020 16:33:57 MSK"}]},"???-001733244":{"Assigned":"pestov","Current status":"DONE","History":[{"NOTE_DONE":"13.07.2020 10:01:52 MSK"},{"DONE":"13.07.2020 13:20:00 MSK"}]},"???-001420075":{"Assigned":"pestov","Current status":"DONE","History":[{"NOTE_DONE":"15.07.2020 10:20:05 MSK"},{"DONE":"15.07.2020 10:44:44 MSK"}
15 ???. 2020 15:27:03,712 - ???-001750952
15 ???. 2020 15:27:09,137 - 3
15 ???. 2020 15:27:12,353 - ???-001750952
15 ???. 2020 15:27:18,183 - 2
15 ???. 2020 15:27:20,142 - 0
15 ???. 2020 15:27:20,901 - 0
15 ???. 2020 15:27:22,546 - ???-001750940
15 ???. 2020 15:34:29,064 - 1
15 ???. 2020 15:34:33,035 - 10
15 ???. 2020 15:34:36,443 - 10
15 ???. 2020 15:34:39,488 - 0
15 ???. 2020 15:34:40,290 - 0
15 ???. 2020 15:34:41,070 - 0
15 ???. 2020 15:34:54,765 - ???-001423344
15 ???. 2020 15:34:59,248 - ???-001423345
15 ???. 2020 15:35:02,038 - ???-001423346
15 ???. 2020 15:35:05,177 - ???-001423347
15 ???. 2020 15:35:08,552 - ???-001423348
15 ???. 2020 15:35:11,534 - ???-001423349
15 ???. 2020 15:35:15,689 - ???-001423350
15 ???. 2020 15:35:19,297 - ???-001423351
15 ???. 2020 15:35:22,706 - ???-001423352
15 ???. 2020 15:35:25,950 - ???-001423353
15 ???. 2020 16:26:15,303 - 1
15 ???. 2020 16:26:17,363 - 36
15 ???. 2020 16:26:19,088 - 1
15 ???. 2020 16:26:49,589 - 10
15 ???. 2020 16:26:53,425 - 1
15 ???. 2020 16:26:54,722 - 0
15 ???. 2020 16:26:59,109 - ???-001751168
15 ???. 2020 16:28:17,954 - 1
15 ???. 2020 16:28:20,505 - 36
15 ???. 2020 16:28:22,983 - 1
15 ???. 2020 16:28:32,362 - 10
15 ???. 2020 16:28:34,773 - 1
15 ???. 2020 16:28:37,141 - 0
15 ???. 2020 16:28:41,679 - {"???-001737863":{"Assigned":"batanov","Current status":"NOTE_DONE","History":[{"NOTE_DONE":"14.07.2020 10:07:58 MSK"}]},"???-001742935":{"Assigned":"pestov","Current status":"DONE","History":[{"NOTE_DONE":"14.07.2020 14:40:54 MSK"},{"DONE":"14.07.2020 17:14:19 MSK"}]},"???-001411564":{"Assigned":"pestov","Current status":"DONE","History":[{"NOTE_DONE":"13.07.2020 14:49:32 MSK"},{"DONE":"13.07.2020 17:36:52 MSK"}]},"???-001741567":{"Assigned":"batanov","Current status":"NOTE_DONE","History":[{"NOTE_DONE":"14.07.2020 11:33:00 MSK"}]},"???-001414275":{"Assigned":"batanov","Current status":"NOTE_DONE","History":[{"NOTE_DONE":"14.07.2020 10:06:52 MSK"}]},"???-001403422":{"Assigned":"pestov","Current status":"DONE","History":[{"DONE":"13.07.2020 12:16:08 MSK"}]},"???-001750957":{"Assigned":"pestov","Current status":"NOTE_DONE","History":[{"NOTE_DONE":"15.07.2020 15:24:42 MSK"}]},"???-001717985":{"Assigned":"pestov","Current status":"DONE","History":[{"DONE":"13.07.2020 12:44:38 MSK"}]},"???-001736784":{"Assigned":"pestov","Current status":"DONE","History":[{"NOTE_DONE":"13.07.2020 16:43:58 MSK"},{"DONE":"13.07.2020 17:53:23 MSK"},{"DONE":"14.07.2020 15:48:20 MSK"},{"DONE":"14.07.2020 16:12:35 MSK"}]},"???-001744700":{"Assigned":"pestov","Current status":"DONE","History":[{"NOTE_DONE":"15.07.2020 10:21:22 MSK"},{"WAITING":"15.07.2020 12:02:17 MSK"},{"DONE":"15.07.2020 14:05:52 MSK"}]},"???-001417533":{"Assigned":"pestov","Current status":"DONE","History":[{"NOTE_DONE":"14.07.2020 15:22:30 MSK"},{"DONE":"14.07.2020 15:36:53 MSK"}]},"???-001744421":{"Assigned":"pestov","Current status":"DONE","History":[{"NOTE_DONE":"15.07.2020 10:20:52 MSK"},{"DONE":"15.07.2020 11:52:11 MSK"},{"DONE":"15.07.2020 14:01:36 MSK"}]},"???-001750940":{"Assigned":"pestov","Current status":"NOTE_DONE","History":[{"NOTE_DONE":"15.07.2020 15:24:26 MSK"}]},"???-001745001":{"Assigned":"pestov","Current status":"NOT_US","History":[{"NOT_US":"15.07.2020 10:22:42 MSK"}]},"???-001743061":{"Assigned":"pestov","Current status":"DONE","History":[{"NOTE_DONE":"14.07.2020 14:41:10 MSK"},{"DONE":"14.07.2020 17:20:34 MSK"},{"DONE":"15.07.2020 13:56:38 MSK"}]},"???-001736937":{"Assigned":"pestov","Current status":"DONE","History":[{"NOTE_DONE":"13.07.2020 16:44:39 MSK"},{"DONE":"13.07.2020 17:57:53 MSK"}]},"???-001737985":{"Assigned":"batanov","Current status":"NOTE_DONE","History":[{"NOTE_DONE":"14.07.2020 10:08:13 MSK"}]},"???-001740813":{"Assigned":"batanov","Current status":"NOTE_DONE","History":[{"NOTE_DONE":"14.07.2020 10:10:05 MSK"}]},"???-001678989":{"Assigned":"pestov","Current status":"DONE","History":[{"DONE":"13.07.2020 12:14:05 MSK"}]},"???-001741587":{"Assigned":"pestov","Current status":"DONE","History":[{"NOTE_DONE":"14.07.2020 14:39:48 MSK"},{"DONE":"14.07.2020 15:51:56 MSK"}]},"???-001748382":{"Assigned":"batanov","Current status":"NOTE_DONE","History":[{"NOTE_DONE":"15.07.2020 10:23:52 MSK"}]},"???-001403562":{"Assigned":"pestov","Current status":"DONE","History":[{"DONE":"10.07.2020 16:03:01 MSK"}]},"???-001405862":{"Assigned":"pestov","Current status":"DONE","History":[{"NOTE_DONE":"13.07.2020 09:59:06 MSK"},{"DONE":"13.07.2020 12:22:18 MSK"}]},"???-001738069":{"Assigned":"batanov","Current status":"NOTE_DONE","History":[{"NOTE_DONE":"14.07.2020 10:08:30 MSK"}]},"???-001719664":{"Assigned":"pestov","Current status":"DONE","History":[{"DONE":"10.07.2020 16:05:42 MSK"},{"DONE":"13.07.2020 12:59:07 MSK"}]},"???-001740765":{"Assigned":"batanov","Current status":"NOTE_DONE","History":[{"NOTE_DONE":"14.07.2020 10:09:50 MSK"}]},"???-001741733":{"Assigned":"pestov","Current status":"DONE","History":[{"NOTE_DONE":"14.07.2020 11:32:36 MSK"},{"DONE":"14.07.2020 12:15:01 MSK"},{"DONE":"14.07.2020 16:35:18 MSK"},{"DONE":"15.07.2020 10:58:24 MSK"}]},"???-001414449":{"Assigned":"batanov","Current status":"NOTE_DONE","History":[{"NOTE_DONE":"14.07.2020 10:07:12 MSK"}]},"???-001412701":{"Assigned":"pestov","Current status":"DONE","History":[{"NOTE_DONE":"15.07.2020 10:19:09 MSK"},{"DONE":"15.07.2020 10:41:24 MSK"}]},"???-001414326":{"Assigned":"batanov","Current status":"NOTE_DONE","History":[{"NOTE_DONE":"14.07.2020 11:33:21 MSK"}]},"???-001721468":{"Assigned":"batanov","Current status":"NOTE_DONE","History":[{"NOTE_DONE":"13.07.2020 10:00:21 MSK"}]},"???-001422604":{"Assigned":"pestov","Current status":"NOTE_DONE","History":[{"NOTE_DONE":"15.07.2020 14:42:43 MSK"}]},"???-001413991":{"Assigned":"pestov","Current status":"DONE","History":[{"NOTE_DONE":"13.07.2020 17:18:24 MSK"},{"DONE":"13.07.2020 17:48:21 MSK"}]},"???-001422971":{"Assigned":"pestov","Current status":"NOTE_DONE","History":[{"NOTE_DONE":"15.07.2020 14:42:57 MSK"}]},"???-001749741":{"Assigned":"pestov","Current status":"NOTE_DONE","History":[{"NOTE_DONE":"15.07.2020 14:44:31 MSK"}]},"???-001403037":{"Assigned":"pestov","Current status":"DONE","History":[{"DONE":"13.07.2020 12:37:11 MSK"}]},"???-001397775":{"Assigned":"pestov","Current status":"DONE","History":[{"NOTE_DONE":"13.07.2020 14:48:13 MSK"},{"NOT_US":"13.07.2020 17:21:29 MSK"},{"NOTE_DONE":"14.07.2020 14:41:49 MSK"},{"DONE":"14.07.2020 15:46:15 MSK"}]},"???-001711791":{"Assigned":"pestov","Current status":"DONE","History":[{"DONE":"13.07.2020 11:27:26 MSK"}]},"???-001720949":{"Assigned":"pestov","Current status":"DONE","History":[{"NOTE_DONE":"10.07.2020 16:08:32 MSK"},{"DONE":"10.07.2020 16:17:00 MSK"},{"TASK":"14.07.2020 11:47:43 MSK"},{"DONE":"15.07.2020 13:30:45 MSK"}]},"???-001411244":{"Assigned":"pestov","Current status":"DONE","History":[{"NOTE_DONE":"13.07.2020 14:48:54 MSK"},{"WAITING":"13.07.2020 17:23:13 MSK"},{"DONE":"15.07.2020 10:25:08 MSK"}]},"???-001420876":{"Assigned":"batanov","Current status":"NOTE_DONE","History":[{"NOTE_DONE":"15.07.2020 10:20:21 MSK"}]},"???-001720823":{"Assigned":"pestov","Current status":"DONE","History":[{"NOTE_DONE":"10.07.2020 16:08:19 MSK"},{"WAITING":"10.07.2020 16:14:27 MSK"},{"DONE":"13.07.2020 13:05:59 MSK"}]},"???-001741486":{"Assigned":"pestov","Current status":"DONE","History":[{"NOTE_DONE":"14.07.2020 11:33:34 MSK"},{"DONE":"14.07.2020 12:10:04 MSK"},{"DONE":"14.07.2020 15:51:00 MSK"}]},"???-001749014":{"Assigned":"pestov","Current status":"NOTE_DONE","History":[{"NOTE_DONE":"15.07.2020 14:43:58 MSK"}]},"???-001400990":{"Assigned":"pestov","Current status":"DONE","History":[{"WAITING":"10.07.2020 10:18:51 MSK"},{"DONE":"14.07.2020 11:35:38 MSK"}]},"???-001733339":{"Assigned":"pestov","Current status":"DONE","History":[{"NOTE_DONE":"13.07.2020 10:02:41 MSK"},{"WAITING":"13.07.2020 17:49:42 MSK"},{"DONE":"14.07.2020 11:38:45 MSK"},{"DONE":"14.07.2020 15:47:36 MSK"}]},"???-001404310":{"Assigned":"pestov","Current status":"DONE","History":[{"DONE":"10.07.2020 15:55:07 MSK"},{"WAITING":"10.07.2020 15:56:40 MSK"},{"DONE":"14.07.2020 11:36:27 MSK"}]},"???-001751168":{"Assigned":"pestov","Current status":"NOTE_DONE","History":[{"NOTE_DONE":"15.07.2020 16:25:01 MSK"}]},"???-001671060":{"Assigned":"pestov","Current status":"TASK","History":[{"WAITING":"03.07.2020 16:13:20 MSK"}]},"???-001734681":{"Assigned":"pestov","Current status":"DONE","History":[{"NOTE_DONE":"13.07.2020 14:50:10 MSK"},{"DONE":"13.07.2020 17:52:31 MSK"}]},"???-001720039":{"Assigned":"pestov","Current status":"DONE","History":[{"DONE":"10.07.2020 16:06:50 MSK"}]},"???-001721488":{"Assigned":"batanov","Current status":"NOTE_DONE","History":[{"NOTE_DONE":"13.07.2020 10:00:46 MSK"}]},"???-001721763":{"Assigned":"pestov","Current status":"DONE","History":[{"NOTE_DONE":"13.07.2020 10:01:14 MSK"},{"DONE":"13.07.2020 13:13:37 MSK"}]},"???-001748668":{"Assigned":"pestov","Current status":"NOTE_DONE","History":[{"NOTE_DONE":"15.07.2020 14:43:15 MSK"}]},"???-001749004":{"Assigned":"pestov","Current status":"NOTE_DONE","History":[{"NOTE_DONE":"15.07.2020 14:43:37 MSK"}]},"???-001749521":{"Assigned":"pestov","Current status":"NOTE_DONE","History":[{"NOTE_DONE":"15.07.2020 14:44:14 MSK"}]},"???-001406568":{"Assigned":"pestov","Current status":"DONE","History":[{"NOTE_DONE":"13.07.2020 09:59:24 MSK"},{"DONE":"13.07.2020 12:39:23 MSK"}]},"???-001738350":{"Assigned":"batanov","Current status":"NOTE_DONE","History":[{"NOTE_DONE":"14.07.2020 10:08:46 MSK"}]},"???-001750628":{"Assigned":"pestov","Current status":"NOTE_DONE","History":[{"NOTE_DONE":"15.07.2020 14:45:33 MSK"}]},"???-001750342":{"Assigned":"pestov","Current status":"NOTE_DONE","History":[{"NOTE_DONE":"15.07.2020 14:45:14 MSK"},{"NOTE_DONE":"15.07.2020 14:50:06 MSK"}]},"???-001733120":{"Assigned":"pestov","Current status":"WAITING","History":[{"NOTE_DONE":"13.07.2020 10:01:31 MSK"},{"DONE":"13.07.2020 13:17:35 MSK"},{"WAITING":"14.07.2020 15:44:23 MSK"}]},"???-001417406":{"Assigned":"pestov","Current status":"DONE","History":[{"NOTE_DONE":"14.07.2020 15:22:01 MSK"},{"DONE":"14.07.2020 15:34:24 MSK"}]},"???-001737169":{"Assigned":"pestov","Current status":"DONE","History":[{"NOTE_DONE":"13.07.2020 16:45:08 MSK"},{"DONE":"13.07.2020 18:01:08 MSK"}]},"???-001408490":{"Assigned":"pestov","Current status":"DONE","History":[{"NOTE_DONE":"13.07.2020 09:59:44 MSK"},{"DONE":"13.07.2020 12:43:43 MSK"}]},"???-001742354":{"Assigned":"pestov","Current status":"DONE","History":[{"NOTE_DONE":"14.07.2020 14:40:21 MSK"},{"DONE":"14.07.2020 17:04:43 MSK"}]},"???-001418213":{"Assigned":"pestov","Current status":"DONE","History":[{"NOTE_DONE":"14.07.2020 15:22:44 MSK"},{"DONE":"14.07.2020 15:39:07 MSK"}]},"???-001744414":{"Assigned":"batanov","Current status":"NOTE_DONE","History":[{"NOTE_DONE":"15.07.2020 10:20:37 MSK"}]},"???-001742755":{"Assigned":"pestov","Current status":"DONE","History":[{"NOTE_DONE":"14.07.2020 14:40:35 MSK"},{"WAITING":"14.07.2020 17:08:34 MSK"},{"DONE":"15.07.2020 11:33:58 MSK"}]},"???-001749942":{"Assigned":"pestov","Current status":"NOTE_DONE","History":[{"NOTE_DONE":"15.07.2020 14:44:51 MSK"}]},"???-001720287":{"Assigned":"pestov","Current status":"DONE","History":[{"NOTE_DONE":"10.07.2020 16:07:43 MSK"},{"DONE":"10.07.2020 16:11:50 MSK"},{"DONE":"13.07.2020 13:01:03 MSK"}]},"???-001748337":{"Assigned":"batanov","Current status":"NOTE_DONE","History":[{"NOTE_DONE":"15.07.2020 10:23:36 MSK"}]},"???-001745472":{"Assigned":"pestov","Current status":"TASK","History":[{"NOTE_DONE":"15.07.2020 10:22:57 MSK"},{"TASK":"15.07.2020 12:12:51 MSK"}]},"???-001422005":{"Assigned":"pestov","Current status":"NOTE_DONE","History":[{"NOTE_DONE":"15.07.2020 14:42:28 MSK"}]},"???-001733637":{"Assigned":"pestov","Current status":"DONE","History":[{"NOTE_DONE":"13.07.2020 14:49:50 MSK"},{"WAITING":"13.07.2020 17:51:30 MSK"},{"DONE":"14.07.2020 11:40:10 MSK"}]},"???-001396654":{"Assigned":"pestov","Current status":"DONE","History":[{"TASK":"13.07.2020 15:08:52 MSK"},{"DONE":"14.07.2020 15:33:47 MSK"}]},"???-001404571":{"Assigned":"pestov","Current status":"DONE","History":[{"DONE":"10.07.2020 15:58:18 MSK"}]},"???-001737677":{"Assigned":"pestov","Current status":"DONE","History":[{"NOTE_DONE":"13.07.2020 17:19:29 MSK"},{"DONE":"13.07.2020 18:02:56 MSK"}]},"???-001738646":{"Assigned":"pestov","Current status":"DONE","History":[{"NOTE_DONE":"14.07.2020 10:09:00 MSK"},{"DONE":"14.07.2020 12:05:28 MSK"}]},"???-001740724":{"Assigned":"pestov","Current status":"DONE","History":[{"NOTE_DONE":"14.07.2020 10:09:35 MSK"},{"DONE":"14.07.2020 12:09:10 MSK"},{"DONE":"14.07.2020 15:50:02 MSK"}]},"???-001414642":{"Assigned":"batanov","Current status":"NOTE_DONE","History":[{"NOTE_DONE":"14.07.2020 10:07:43 MSK"}]},"???-001414641":{"Assigned":"batanov","Current status":"NOTE_DONE","History":[{"NOTE_DONE":"14.07.2020 10:07:28 MSK"}]},"???-001417514":{"Assigned":"pestov","Current status":"DONE","History":[{"NOTE_DONE":"14.07.2020 15:22:17 MSK"},{"DONE":"14.07.2020 15:35:38 MSK"}]},"???-001744804":{"Assigned":"pestov","Current status":"WAITING","History":[{"NOTE_DONE":"15.07.2020 10:21:40 MSK"},{"WAITING":"15.07.2020 12:03:52 MSK"}]},"???-001410445":{"Assigned":"pestov","Current status":"DONE","History":[{"NOTE_DONE":"13.07.2020 10:00:02 MSK"}]},"???-001745734":{"Assigned":"pestov","Current status":"WAITING","History":[{"NOTE_DONE":"15.07.2020 10:23:20 MSK"},{"WAITING":"15.07.2020 12:17:14 MSK"}]},"???-001418685":{"Assigned":"pestov","Current status":"DONE","History":[{"NOTE_DONE":"15.07.2020 10:19:24 MSK"},{"DONE":"15.07.2020 10:43:43 MSK"}]},"???-001419532":{"Assigned":"batanov","Current status":"NOTE_DONE","History":[{"NOTE_DONE":"15.07.2020 10:19:41 MSK"}]},"???-001741890":{"Assigned":"pestov","Current status":"DONE","History":[{"NOTE_DONE":"14.07.2020 14:40:04 MSK"},{"DONE":"14.07.2020 16:07:02 MSK"},{"DONE":"15.07.2020 11:03:22 MSK"}]},"???-001411373":{"Assigned":"pestov","Current status":"TASK","History":[{"NOTE_DONE":"13.07.2020 14:49:16 MSK"},{"TASK":"13.07.2020 17:35:50 MSK"}]},"???-001744495":{"Assigned":"pestov","Current status":"TASK","History":[{"NOTE_DONE":"15.07.2020 10:21:07 MSK"},{"TASK":"15.07.2020 11:54:30 MSK"}]},"???-001423344":{"Assigned":"pestov","Current status":"NOTE_DONE","History":[{"NOTE_DONE":"15.07.2020 15:24:11 MSK"}]},"???-001720580":{"Assigned":"pestov","Current status":"TASK","History":[{"NOTE_DONE":"10.07.2020 16:08:04 MSK"},{"TASK":"10.07.2020 16:13:05 MSK"}]},"???-001421566":{"Assigned":"batanov","Current status":"NOTE_DONE","History":[{"NOTE_DONE":"15.07.2020 14:42:12 MSK"}]},"???-001738771":{"Assigned":"batanov","Current status":"NOTE_DONE","History":[{"NOTE_DONE":"14.07.2020 10:09:23 MSK"}]},"???-001733247":{"Assigned":"pestov","Current status":"NOT_US","History":[{"NOTE_DONE":"13.07.2020 10:02:20 MSK"},{"NOT_US":"13.07.2020 13:20:58 MSK"}]},"???-001398704":{"Assigned":"pestov","Current status":"TASK","History":[{"TASK":"09.07.2020 16:33:57 MSK"}]},"???-001733244":{"Assigned":"pestov","Current status":"DONE","History":[{"NOTE_DONE":"13.07.2020 10:01:52 MSK"},{"DONE":"13.07.2020 13:20:00 MSK"}]},"???-001420075":{"Assigned":"pestov","Current status":"DONE","History":[{"NOTE_DONE":"15.07.2020 10:20:05 MSK"},{"DONE":"15.07.2020 10:44:44 MSK"}]}}
15 ???. 2020 16:28:51,131 - ???-001751168
15 ???. 2020 16:49:25,926 - 1
15 ???. 2020 16:49:28,609 - 36
15 ???. 2020 16:49:31,125 - 10
15 ???. 2020 16:49:42,802 - 10
15 ???. 2020 16:49:46,025 - 1
15 ???. 2020 16:49:46,594 - 0
15 ???. 2020 16:49:55,082 - ???-001751168
16 ???. 2020 11:43:36,660 - 6
16 ???. 2020 15:04:24,363 - 1
16 ???. 2020 15:04:27,123 - 30
16 ???. 2020 15:04:29,039 - 10
16 ???. 2020 15:04:30,555 - 0
16 ???. 2020 15:04:31,679 - 0
16 ???. 2020 15:04:33,084 - 0
16 ???. 2020 15:05:17,275 - ???-001427547
16 ???. 2020 15:14:31,963 - 1
16 ???. 2020 15:14:39,697 - 34
16 ???. 2020 15:14:44,383 - 5
16 ???. 2020 15:14:58,950 - 10
16 ???. 2020 15:15:02,107 - 1
16 ???. 2020 15:15:03,906 - 0
16 ???. 2020 15:15:14,254 - ???-001427799
16 ???. 2020 15:15:24,267 - ???-001428043
16 ???. 2020 15:17:35,239 - 1
16 ???. 2020 15:17:42,567 - 34
16 ???. 2020 15:17:47,269 - 5
16 ???. 2020 15:17:52,690 - 10
16 ???. 2020 15:17:54,531 - 1
16 ???. 2020 15:17:55,615 - 0
16 ???. 2020 15:18:01,809 - ???-001427799
16 ???. 2020 15:19:45,999 - 1
16 ???. 2020 15:20:06,247 - 34
16 ???. 2020 15:20:14,850 - 5
16 ???. 2020 15:20:44,691 - 10
16 ???. 2020 15:20:52,238 - 1
16 ???. 2020 15:20:56,411 - 0
16 ???. 2020 15:22:36,961 - 1
16 ???. 2020 15:22:38,694 - 34
16 ???. 2020 15:22:40,011 - 5
16 ???. 2020 15:22:41,388 - 10
16 ???. 2020 15:22:42,661 - 1
16 ???. 2020 15:22:44,998 - 0
16 ???. 2020 15:22:51,146 - ???-001427799
16 ???. 2020 15:22:59,745 - ???-001428043
16 ???. 2020 15:24:00,763 - 1
16 ???. 2020 15:24:02,118 - 34
16 ???. 2020 15:24:03,577 - 5
16 ???. 2020 15:24:05,157 - 10
16 ???. 2020 15:24:06,212 - 1
16 ???. 2020 15:24:07,893 - 0
16 ???. 2020 15:24:13,132 - ???-001428043
16 ???. 2020 15:27:43,369 - 1
16 ???. 2020 15:27:56,603 - 1
16 ???. 2020 15:27:58,165 - 34
16 ???. 2020 15:27:59,968 - 5
16 ???. 2020 15:28:02,048 - 10
16 ???. 2020 15:28:03,526 - 1
16 ???. 2020 15:28:04,629 - 0
16 ???. 2020 15:28:11,903 - ???-001428043
16 ???. 2020 15:28:33,182 - ???-001428043
16 ???. 2020 15:28:58,002 - 1
16 ???. 2020 15:28:59,722 - 34
16 ???. 2020 15:29:01,162 - 5
16 ???. 2020 15:29:02,848 - 10
16 ???. 2020 15:29:04,830 - 1
16 ???. 2020 15:29:05,527 - 0
16 ???. 2020 15:29:11,178 - ???-001427799
16 ???. 2020 15:40:13,012 - 1
16 ???. 2020 15:40:14,266 - 34
16 ???. 2020 15:40:16,464 - 5
16 ???. 2020 15:40:17,965 - 10
16 ???. 2020 15:40:18,888 - 1
16 ???. 2020 15:40:19,535 - 0
16 ???. 2020 15:40:31,721 - ???-001757296
16 ???. 2020 15:42:17,903 - ???-001427799
16 ???. 2020 15:42:25,584 - ???-001757296
16 ???. 2020 15:42:33,918 - ???-001428043
16 ???. 2020 15:44:09,194 - 1
16 ???. 2020 15:44:11,023 - 34
16 ???. 2020 15:44:12,258 - 5
16 ???. 2020 15:44:13,665 - 10
16 ???. 2020 15:44:15,077 - 1
16 ???. 2020 15:44:15,635 - 0
16 ???. 2020 15:44:19,434 - ???-001428044
16 ???. 2020 15:46:26,404 - 1
16 ???. 2020 15:46:27,572 - 34
16 ???. 2020 15:46:28,964 - 5
16 ???. 2020 15:46:30,876 - 10
16 ???. 2020 15:46:31,739 - 0
16 ???. 2020 15:46:33,045 - 0
16 ???. 2020 15:46:34,602 - if (task.getStatus() == Tasks.TaskStatus.NOTE_DONE &&
16 ???. 2020 15:46:42,310 - ???-001428044
16 ???. 2020 15:46:45,337 - ???-001428045
16 ???. 2020 15:46:48,653 - ???-001428046
16 ???. 2020 15:53:53,840 - 1
16 ???. 2020 15:53:59,037 - 34
16 ???. 2020 15:54:01,302 - 5
16 ???. 2020 15:54:02,628 - 10
16 ???. 2020 15:54:03,240 - 1
16 ???. 2020 15:54:04,262 - 0
16 ???. 2020 15:54:11,960 - ???-001428045
16 ???. 2020 15:54:15,218 - ???-001428046
16 ???. 2020 15:56:07,082 - ???-001428047
16 ???. 2020 15:58:34,776 - 1
16 ???. 2020 15:58:36,649 - 34
16 ???. 2020 15:58:37,884 - 10
16 ???. 2020 15:58:42,837 - 10
16 ???. 2020 15:58:44,889 - 1
16 ???. 2020 15:58:45,395 - 0
16 ???. 2020 15:58:49,024 - ???-001428048
16 ???. 2020 15:58:53,002 - ???-001428049
16 ???. 2020 16:01:06,256 - 1
16 ???. 2020 16:01:08,235 - 39
16 ???. 2020 16:01:16,849 - 10
16 ???. 2020 16:01:21,751 - 10
16 ???. 2020 16:01:26,776 - 1
16 ???. 2020 16:01:28,207 - 0
16 ???. 2020 16:01:41,096 - ???-001421587-001
16 ???. 2020 16:01:50,459 - ???-001427799
16 ???. 2020 16:01:58,839 - ???-001428043
16 ???. 2020 16:02:07,293 - ???-001428052
16 ???. 2020 16:02:16,346 - ???-001757296
16 ???. 2020 16:02:25,047 - ???-001757811
16 ???. 2020 16:02:40,183 - ???-001758159
20 ???. 2020 13:59:33,486 - 6
20 ???. 2020 13:59:43,483 - 1
20 ???. 2020 13:59:47,592 - 5
20 ???. 2020 13:59:48,382 - 1
20 ???. 2020 13:59:57,314 - ???-001430709
20 ???. 2020 14:00:01,857 - 1
20 ???. 2020 14:00:03,013 - 1
20 ???. 2020 14:00:04,363 - 1
20 ???. 2020 14:00:06,971 - ???-001430708
20 ???. 2020 14:03:18,256 - 6
20 ???. 2020 14:11:06,414 - 6
20 ???. 2020 16:51:15,662 - 1
20 ???. 2020 16:51:18,382 - 1
20 ???. 2020 16:51:19,783 - 1
20 ???. 2020 16:51:28,059 - ???-001778256
23 ???. 2020 11:38:54,184 - 1
23 ???. 2020 11:38:56,805 - 3
23 ???. 2020 11:38:59,041 - ???-001789155
23 ???. 2020 11:39:01,683 - ???-001789156
23 ???. 2020 11:39:04,439 - ???-001789157
23 ???. 2020 11:47:35,154 - 1
23 ???. 2020 11:47:37,895 - 2
23 ???. 2020 11:47:39,117 - public String getAuthor() {
23 ???. 2020 11:48:02,206 - ???-001795892
23 ???. 2020 11:48:03,885 - 
23 ???. 2020 11:48:29,081 - 1
23 ???. 2020 11:48:30,624 - 1
23 ???. 2020 11:48:32,358 - ???-001795892
23 ???. 2020 11:48:35,303 - ???-001795893
23 ???. 2020 11:48:36,905 - 
23 ???. 2020 11:48:46,863 - q
23 ???. 2020 12:02:23,223 - 2
23 ???. 2020 12:02:25,231 - ???-001795892
23 ???. 2020 12:02:26,856 - 
23 ???. 2020 12:50:28,118 - 7
23 ???. 2020 12:50:44,549 - ???-001789157
23 ???. 2020 12:51:16,711 - 7
23 ???. 2020 12:51:17,733 - for (Employees empl : Employees.employee) {
23 ???. 2020 12:51:26,752 - ???-001789157
23 ???. 2020 12:51:33,637 - 2
23 ???. 2020 12:52:13,065 - 7
23 ???. 2020 12:52:14,441 - ???-001789157
23 ???. 2020 12:52:47,893 - 2
23 ???. 2020 12:53:42,618 - 7
23 ???. 2020 12:53:44,280 - ???-001789157
23 ???. 2020 12:53:56,567 - 2
23 ???. 2020 12:57:58,211 - 7
23 ???. 2020 12:57:59,467 - ???-001789157
23 ???. 2020 12:58:02,550 - 2
23 ???. 2020 12:58:25,468 - 7
23 ???. 2020 12:58:26,828 - ???-001789157
23 ???. 2020 12:58:42,810 - 2
23 ???. 2020 12:59:22,568 - 7
23 ???. 2020 12:59:24,027 - ???-001789157
23 ???. 2020 12:59:25,596 - 2
23 ???. 2020 13:03:35,569 - 1
23 ???. 2020 13:03:39,020 - 2
23 ???. 2020 13:03:42,450 - ???-001789150
23 ???. 2020 13:05:09,500 - 1
23 ???. 2020 13:05:11,765 - 3
23 ???. 2020 13:05:15,269 - ???-001789154
23 ???. 2020 13:11:30,273 - 1
23 ???. 2020 13:11:34,817 - 3
23 ???. 2020 13:11:57,181 - ???-001795894
23 ???. 2020 13:11:59,683 - 
23 ???. 2020 13:12:24,403 - 1
23 ???. 2020 13:12:25,236 - 2
23 ???. 2020 13:12:28,131 - ???-001795893
23 ???. 2020 13:12:38,304 - ???-001795894
23 ???. 2020 13:12:46,556 - ???-001795895
23 ???. 2020 13:13:49,733 - 1
23 ???. 2020 13:13:52,805 - ???-001795899
23 ???. 2020 13:13:57,421 - 2
23 ???. 2020 13:14:00,149 - ???-001795899
23 ???. 2020 13:19:48,825 - 7
23 ???. 2020 13:19:52,628 - ???-001795890
23 ???. 2020 13:21:37,687 - 7
23 ???. 2020 13:21:41,509 - ???-001795890
23 ???. 2020 13:22:47,755 - 7
23 ???. 2020 13:22:50,802 - ???-001795890
23 ???. 2020 13:22:55,437 - 1
23 ???. 2020 13:23:52,012 - 7
23 ???. 2020 13:23:53,609 - ???-001795890
23 ???. 2020 13:23:56,995 - 1
23 ???. 2020 13:24:26,805 - 7
23 ???. 2020 13:24:28,531 - ???-001795890
23 ???. 2020 13:24:31,855 - 1
23 ???. 2020 13:30:09,497 - 7
23 ???. 2020 13:30:11,685 - ???-001795892
23 ???. 2020 13:30:15,157 - 2
23 ???. 2020 13:30:34,388 - 7
23 ???. 2020 13:30:54,306 - ???-001795892
23 ???. 2020 13:31:21,010 - 3
27 ???. 2020 12:20:53,710 - 1
27 ???. 2020 12:20:55,301 - 5
27 ???. 2020 12:20:56,350 - {
27 ???. 2020 12:21:04,092 - ???-001468053
27 ???. 2020 12:22:03,091 - 1
27 ???. 2020 12:22:04,511 - 5
27 ???. 2020 12:22:08,475 - ???-001468053
27 ???. 2020 12:24:02,640 - 1
27 ???. 2020 12:24:04,174 - 5
27 ???. 2020 12:24:05,951 - ???-001468053
27 ???. 2020 12:24:19,423 - 1
27 ???. 2020 12:24:20,839 - 5
27 ???. 2020 12:24:22,334 - ???-001468053
27 ???. 2020 12:24:30,437 - sdfasdf
27 ???. 2020 12:25:14,922 - 1
27 ???. 2020 12:25:16,243 - 5
27 ???. 2020 12:25:23,464 - ???-001468053
27 ???. 2020 12:26:11,960 - 1
27 ???. 2020 12:26:22,698 - 5
27 ???. 2020 12:26:37,844 - ???-001468053
27 ???. 2020 12:27:54,037 - aasdtw
27 ???. 2020 12:28:25,821 - ???-001468054
27 ???. 2020 12:29:29,227 - assrtst
27 ???. 2020 12:29:43,894 - ???-001468055
27 ???. 2020 12:30:08,592 - asfsg
27 ???. 2020 12:30:20,420 - ???-001468056
27 ???. 2020 12:32:06,711 - 1
27 ???. 2020 12:32:07,621 - 5
27 ???. 2020 12:32:09,368 - ???-001468053
27 ???. 2020 12:32:11,638 - asdfaf
27 ???. 2020 12:32:14,701 - ???-001468054
27 ???. 2020 12:32:17,950 - ???-001468056
27 ???. 2020 12:32:20,362 - adfaf
27 ???. 2020 12:32:31,564 - ???-001468057
27 ???. 2020 12:32:33,117 - dfasdf
27 ???. 2020 12:32:48,984 - ???-001468059
27 ???. 2020 12:32:50,756 - asgsfg
27 ???. 2020 12:32:54,862 - ???-001468050
27 ???. 2020 12:32:56,461 - sdafaf
04 ???. 2020 17:42:06,221 - 7
04 ???. 2020 17:42:07,619 - ???-001398705
04 ???. 2020 17:42:35,981 - 7
04 ???. 2020 17:42:45,773 - ???-001398705
04 ???. 2020 17:43:49,283 - 7
04 ???. 2020 17:43:51,536 - ???-001398705
04 ???. 2020 17:43:53,950 - 2
04 ???. 2020 17:43:58,642 - 7
04 ???. 2020 17:43:59,927 - ???-001398705
04 ???. 2020 17:44:01,360 - 1
04 ???. 2020 17:44:58,696 - 7
04 ???. 2020 17:45:00,198 - ???-001398705
04 ???. 2020 17:45:02,162 - 1
04 ???. 2020 17:45:06,535 - 7
04 ???. 2020 17:45:07,742 - ???-001398705
04 ???. 2020 17:45:09,144 - 2
04 ???. 2020 17:45:29,726 - 7
04 ???. 2020 17:45:32,187 - ???-001398706
04 ???. 2020 17:45:34,042 - 1
04 ???. 2020 17:49:21,409 - 7
04 ???. 2020 17:49:27,347 - ???-00139878
04 ???. 2020 17:49:35,295 - ???-001398788
04 ???. 2020 17:49:37,025 - 1
17 ???. 2020 17:51:45,355 - 1
17 ???. 2020 17:51:49,930 - 1
17 ???. 2020 17:52:14,727 - ???-001483131
17 ???. 2020 17:55:45,212 - 1
17 ???. 2020 17:55:47,269 - 1
17 ???. 2020 17:55:55,370 - ???-001483131
17 ???. 2020 17:56:00,929 - Valentin.Drozdov
17 ???. 2020 17:57:29,635 - 1
17 ???. 2020 17:57:31,285 - 1
17 ???. 2020 17:57:33,615 - ???-001483136
17 ???. 2020 17:57:38,107 - Valentin.Drozdov
