06 июл. 2020 13:12:59,850 -  pestov назначен ИНЦ-001689807
06 июл. 2020 13:13:01,840 -  pestov назначен ИНЦ-001689807
06 июл. 2020 13:13:52,999 -  pestov назначен ИНЦ-001689807
06 июл. 2020 13:14:33,340 -  pestov назначен ЗНО-001380824
06 июл. 2020 13:14:45,989 -  pestov назначен ИНЦ-001689807
08 июл. 2020 12:21:01,180 -  pestov назначен ИНЦ-001705101
10 июл. 2020 11:08:44,562 -  pestov назначен ИНЦ-001671060
10 июл. 2020 11:14:02,871 -  batanov назначен ИНЦ-001671060
10 июл. 2020 11:14:07,679 -  pestov назначен ИНЦ-001671061
10 июл. 2020 11:14:10,155 -  pestov назначен ИНЦ-001671062
10 июл. 2020 11:14:13,769 -  pestov назначен ИНЦ-001671063
10 июл. 2020 11:14:18,175 -  pestov назначен ИНЦ-001671064
10 июл. 2020 11:19:54,535 -  pestov назначен ИНЦ-001671060
10 июл. 2020 11:22:23,319 -  pestov назначен ИНЦ-001671060
10 июл. 2020 11:22:26,892 -  pestov назначен ИНЦ-001671061
10 июл. 2020 11:22:29,433 -  batanov назначен ИНЦ-001671062
10 июл. 2020 11:55:28,405 -  pestov назначен ИНЦ-001717985
10 июл. 2020 11:56:13,746 -  pestov назначен ЗНО-001402849
10 июл. 2020 12:00:59,612 -  pestov назначен ИНЦ-001671060
10 июл. 2020 12:05:10,637 -  batanov назначен ИНЦ-001715117
10 июл. 2020 12:05:27,018 -  pestov назначен ИНЦ-001671060
10 июл. 2020 12:06:29,211 -  batanov назначен ИНЦ-001671060
10 июл. 2020 12:06:37,499 -  pestov назначен ЗНО-001373452
10 июл. 2020 12:07:10,319 -  pestov назначен ЗНО-001373452
10 июл. 2020 12:07:18,981 -  batanov назначен ИНЦ-001671060
10 июл. 2020 13:00:07,307 -  pestov назначен ЗНО-001402849
10 июл. 2020 13:04:27,269 -  batanov назначен ЗНО-001402849
10 июл. 2020 13:06:19,179 -  batanov назначен ЗНО-001402849
10 июл. 2020 13:07:37,130 -  batanov назначен ЗНО-001402849
10 июл. 2020 13:09:36,162 -  batanov назначен ЗНО-001402849
10 июл. 2020 13:44:31,595 -  batanov назначен ЗНО-001403422
10 июл. 2020 13:53:34,440 -  pestov назначен ЗНО-001404057
10 июл. 2020 13:53:37,759 -  batanov назначен ЗНО-001404058
10 июл. 2020 13:55:08,170 -  pestov назначен ЗНО-001404057
10 июл. 2020 13:55:10,670 -  batanov назначен ЗНО-001404058
10 июл. 2020 15:28:25,447 -  batanov назначен ЗНО-001402849
10 июл. 2020 15:33:31,344 -  pestov назначен ЗНО-001373452
10 июл. 2020 15:34:04,792 -  batanov назначен ЗНО-001373453
10 июл. 2020 15:39:09,296 -  batanov назначен ЗНО-001373452
10 июл. 2020 15:40:06,722 -  pestov назначен ЗНО-001373453
10 июл. 2020 15:43:34,599 -  pestov назначен ЗНО-001373452
10 июл. 2020 15:43:37,912 -  batanov назначен ЗНО-001373453
10 июл. 2020 15:53:38,290 -  batanov назначен ЗНО-001402433
10 июл. 2020 15:53:44,417 -  pestov назначен ЗНО-001402435
14 июл. 2020 10:33:34,918 -  batanov назначен ЗНО-001414275
14 июл. 2020 10:34:46,691 -  batanov назначен ЗНО-001414276
14 июл. 2020 10:35:36,336 -  batanov назначен ЗНО-001414277
14 июл. 2020 10:36:30,636 -  batanov назначен ЗНО-001414278
14 июл. 2020 10:42:15,942 -  batanov назначен ИНЦ-001737863
14 июл. 2020 10:45:47,283 -  pestov назначен ЗНО-001414641
14 июл. 2020 10:46:25,164 -  pestov назначен ЗНО-001414642
14 июл. 2020 10:46:40,003 -  batanov назначен ЗНО-001414643
15 июл. 2020 12:47:43,890 -  batanov назначен ИНЦ-001671060
15 июл. 2020 12:47:46,507 -  batanov назначен ИНЦ-001671061
15 июл. 2020 15:28:39,657 -  batanov назначен ИНЦ-001750940
15 июл. 2020 15:34:54,767 -  batanov назначен ЗНО-001423344
15 июл. 2020 15:34:59,249 -  pestov назначен ЗНО-001423345
15 июл. 2020 15:35:02,039 -  batanov назначен ЗНО-001423346
15 июл. 2020 15:35:05,178 -  pestov назначен ЗНО-001423347
15 июл. 2020 15:35:08,553 -  pestov назначен ЗНО-001423348
15 июл. 2020 15:35:11,535 -  pestov назначен ЗНО-001423349
15 июл. 2020 15:35:15,689 -  batanov назначен ЗНО-001423350
15 июл. 2020 15:35:19,297 -  batanov назначен ЗНО-001423351
15 июл. 2020 15:35:22,706 -  pestov назначен ЗНО-001423352
15 июл. 2020 15:35:25,951 -  batanov назначен ЗНО-001423353
15 июл. 2020 16:27:15,303 -  batanov назначен ИНЦ-001751168
15 июл. 2020 16:31:01,160 -  pestov назначен ИНЦ-001751168
16 июл. 2020 15:05:29,799 -  batanov назначен ЗНО-001427547
16 июл. 2020 15:15:14,255 -  batanov назначен ЗНО-001427799
16 июл. 2020 15:18:44,184 -  batanov назначен ЗНО-001427799
16 июл. 2020 15:22:59,746 -  batanov назначен ЗНО-001428043
16 июл. 2020 15:24:57,240 -  batanov назначен ЗНО-001428043
16 июл. 2020 15:28:11,903 -  batanov назначен ЗНО-001428043
16 июл. 2020 15:30:28,954 -  batanov назначен ЗНО-001427799
16 июл. 2020 15:42:04,226 -  batanov назначен ИНЦ-001757296
16 июл. 2020 15:45:14,044 -  batanov назначен ЗНО-001428044
16 июл. 2020 15:46:45,338 -  batanov назначен ЗНО-001428045
16 июл. 2020 15:48:03,279 -  batanov назначен ЗНО-001428046
16 июл. 2020 15:55:52,011 -  batanov назначен ЗНО-001428046
16 июл. 2020 15:58:02,978 -  batanov назначен ЗНО-001428047
16 июл. 2020 15:58:49,025 -  batanov назначен ЗНО-001428048
16 июл. 2020 16:00:11,152 -  batanov назначен ЗНО-001428049
16 июл. 2020 16:01:41,097 -  batanov назначен ЗНО-001421587-001
16 июл. 2020 16:01:50,459 -  batanov назначен ЗНО-001427799
16 июл. 2020 16:01:58,839 -  batanov назначен ЗНО-001428043
16 июл. 2020 16:02:07,293 -  batanov назначен ЗНО-001428052
16 июл. 2020 16:02:16,346 -  batanov назначен ИНЦ-001757296
16 июл. 2020 16:02:25,047 -  batanov назначен ИНЦ-001757811
16 июл. 2020 16:02:40,184 -  batanov назначен ИНЦ-001758159
20 июл. 2020 13:59:57,315 -  pestov назначен ЗНО-001430709
20 июл. 2020 14:00:06,971 -  pestov назначен ЗНО-001430708
20 июл. 2020 16:51:28,059 -  pestov назначен ИНЦ-001778256
23 июл. 2020 11:38:59,041 -  pestov назначен ИНЦ-001789155
23 июл. 2020 11:39:01,683 -  pestov назначен ИНЦ-001789156
23 июл. 2020 11:39:04,439 -  pestov назначен ИНЦ-001789157
23 июл. 2020 11:48:21,664 -  pestov назначен ИНЦ-001795892
23 июл. 2020 11:48:36,905 -  pestov назначен ИНЦ-001795893
23 июл. 2020 13:11:59,683 -  batanov назначен ИНЦ-001795894
